4292 07:52:23.839557 --- Starting bitbake server pid 4292 at 2023-04-27 07:52:23.839520 ---
4292 07:52:23.840992 Started bitbake server pid 4292
4292 07:52:23.841311 Entering server connection loop
4292 07:52:23.841365 Lockfile is: /home/openyard/openyard/openbmc_rev2/openbmc/vscode-bitbake-build/bitbake.lock
Socket is /home/openyard/openyard/openbmc_rev2/openbmc/vscode-bitbake-build/bitbake.sock (True)
4292 07:52:23.841918 Accepting [<socket.socket fd=6, family=AddressFamily.AF_UNIX, type=SocketKind.SOCK_STREAM, proto=0, laddr=bitbake.sock>] ([])
4292 07:52:23.842794 Processing Client
4292 07:52:23.842865 Connecting Client
4292 07:52:23.843330 Running command ['setFeatures', [2, 1]]
4292 07:52:23.843497 Command Completed (socket: True)
4292 07:52:23.844303 Running command ['updateConfig', {'halt': True, 'force': False, 'invalidate_stamp': None, 'dry_run': False, 'dump_signatures': [], 'extra_assume_provided': [], 'profile': False, 'prefile': [], 'postfile': [], 'server_timeout': None, 'nosetscene': False, 'setsceneonly': False, 'skipsetscene': False, 'runall': [], 'runonly': None, 'writeeventlog': None, 'build_verbose_shell': False, 'build_verbose_stdout': False, 'default_loglevel': 20, 'debug_domains': {}}, {'SHELL': '/bin/bash', 'BB_ENV_PASSTHROUGH_ADDITIONS': 'ALL_PROXY BBPATH_EXTRA BB_LOGCONFIG BB_NO_NETWORK BB_NUMBER_THREADS BB_SETSCENE_ENFORCE BB_SRCREV_POLICY DISTRO FTPS_PROXY FTP_PROXY GIT_PROXY_COMMAND HTTPS_PROXY HTTP_PROXY MACHINE NO_PROXY PARALLEL_MAKE SCREENDIR SDKMACHINE SOCKS5_PASSWD SOCKS5_USER SSH_AGENT_PID SSH_AUTH_SOCK STAMPS_DIR TCLIBC TCMODE all_proxy ftp_proxy ftps_proxy http_proxy https_proxy no_proxy ', 'PWD': '/home/openyard/openyard/openbmc_rev2/openbmc/vscode-bitbake-build', 'LOGNAME': 'openyard', 'HOME': '/home/openyard', 'BBPATH': '/home/openyard/openyard/openbmc_rev2/openbmc/vscode-bitbake-build', 'USER': 'openyard', 'PATH': '/home/openyard/openyard/openbmc_rev2/openbmc/scripts:/home/openyard/openyard/openbmc_rev2/openbmc/poky/bitbake/bin:/home/openyard/openyard/openbmc_rev2/openbmc/node_modules/.bin:/home/openyard/openyard/openbmc_rev2/node_modules/.bin:/home/openyard/openyard/node_modules/.bin:/home/openyard/node_modules/.bin:/home/node_modules/.bin:/node_modules/.bin:/home/openyard/.vscode-server/bin/ee2b180d582a7f601fa6ecfdad8d9fd269ab1884:/home/openyard/.vscode-server/bin/ee2b180d582a7f601fa6ecfdad8d9fd269ab1884/bin/remote-cli:/usr/local/sbin:/usr/local/bin:/usr/sbin:/usr/bin:/sbin:/bin:/usr/games:/usr/local/games:/snap/bin', 'LC_ALL': 'en_US.UTF-8', 'APPLICATION_INSIGHTS_NO_DIAGNOSTIC_CHANNEL': '1', 'VSCODE_AMD_ENTRYPOINT': 'vs/workbench/api/node/extensionHostProcess', 'XDG_SESSION_TYPE': 'tty', 'MOTD_SHOWN': 'pam', 'LANG': 'en_US.UTF-8', 'LS_COLORS': '', 'VSCODE_AGENT_FOLDER': '/home/openyard/.vscode-server', 'SSH_CONNECTION': '93.158.191.247 60263 192.168.3.115 22', 'LESSCLOSE': '/usr/bin/lesspipe %s %s', 'XDG_SESSION_CLASS': 'user', 'VSCODE_HANDLES_SIGPIPE': 'true', 'PYTHONPATH': '/home/openyard/openyard/openbmc_rev2/openbmc/poky/bitbake/lib:', 'LESSOPEN': '| /usr/bin/lesspipe %s', 'SHLVL': '1', 'VSCODE_CWD': '/home/openyard', 'XDG_SESSION_ID': '7', 'XDG_RUNTIME_DIR': '/run/user/1000', 'SSH_CLIENT': '93.158.191.247 60263 22', 'XDG_DATA_DIRS': '/usr/local/share:/usr/share:/var/lib/snapd/desktop', 'BROWSER': '/home/openyard/.vscode-server/bin/ee2b180d582a7f601fa6ecfdad8d9fd269ab1884/bin/helpers/browser.sh', 'DBUS_SESSION_BUS_ADDRESS': 'unix:path=/run/user/1000/bus', 'BUILDDIR': '/home/openyard/openyard/openbmc_rev2/openbmc/vscode-bitbake-build', 'VSCODE_NLS_CONFIG': '{"locale":"en","availableLanguages":{}}', 'VSCODE_HANDLES_UNCAUGHT_ERRORS': 'true', 'OLDPWD': '/home/openyard/openyard/openbmc_rev2/openbmc', 'VSCODE_IPC_HOOK_CLI': '/run/user/1000/vscode-ipc-d2ab7760-5aa6-47c5-ae80-c8a5ef40a55e.sock', '_': '/home/openyard/openyard/openbmc_rev2/openbmc/poky/bitbake/bin/bitbake'}, ['/home/openyard/openyard/openbmc_rev2/openbmc/poky/bitbake/bin/bitbake', '-p']]
4292 07:52:23.856699 Command Completed (socket: True)
4292 07:52:24.105718 Processing Client
4292 07:52:24.105919 Disconnecting Client (socket: True)
4292 07:52:24.106297 No timeout, exiting.
4292 07:52:24.206621 Exiting (socket: True)
4292 07:52:24.221268 Exiting as we could obtain the lock
sys:1: ResourceWarning: unclosed file <_io.TextIOWrapper name='/home/openyard/openyard/openbmc_rev2/openbmc/vscode-bitbake-build/bitbake-cookerdaemon.log' mode='a+' encoding='UTF-8'>
4327 07:52:25.038961 --- Starting bitbake server pid 4327 at 2023-04-27 07:52:25.038923 ---
4327 07:52:25.040417 Started bitbake server pid 4327
4327 07:52:25.040692 Entering server connection loop
4327 07:52:25.040748 Lockfile is: /home/openyard/openyard/openbmc_rev2/openbmc/vscode-bitbake-build/bitbake.lock
Socket is /home/openyard/openyard/openbmc_rev2/openbmc/vscode-bitbake-build/bitbake.sock (True)
4327 07:52:25.041330 Accepting [<socket.socket fd=6, family=AddressFamily.AF_UNIX, type=SocketKind.SOCK_STREAM, proto=0, laddr=bitbake.sock>] ([])
4327 07:52:25.042574 Processing Client
4327 07:52:25.042665 Connecting Client
4327 07:52:25.043118 Running command ['setFeatures', [2, 1]]
4327 07:52:25.043295 Command Completed (socket: True)
4327 07:52:25.044224 Running command ['updateConfig', {'halt': True, 'force': False, 'invalidate_stamp': None, 'dry_run': False, 'dump_signatures': [], 'extra_assume_provided': [], 'profile': False, 'prefile': [], 'postfile': [], 'server_timeout': None, 'nosetscene': False, 'setsceneonly': False, 'skipsetscene': False, 'runall': [], 'runonly': None, 'writeeventlog': None, 'build_verbose_shell': False, 'build_verbose_stdout': False, 'default_loglevel': 20, 'debug_domains': {}}, {'SHELL': '/bin/bash', 'BB_ENV_PASSTHROUGH_ADDITIONS': 'ALL_PROXY BBPATH_EXTRA BB_LOGCONFIG BB_NO_NETWORK BB_NUMBER_THREADS BB_SETSCENE_ENFORCE BB_SRCREV_POLICY DISTRO FTPS_PROXY FTP_PROXY GIT_PROXY_COMMAND HTTPS_PROXY HTTP_PROXY MACHINE NO_PROXY PARALLEL_MAKE SCREENDIR SDKMACHINE SOCKS5_PASSWD SOCKS5_USER SSH_AGENT_PID SSH_AUTH_SOCK STAMPS_DIR TCLIBC TCMODE all_proxy ftp_proxy ftps_proxy http_proxy https_proxy no_proxy ', 'PWD': '/home/openyard/openyard/openbmc_rev2/openbmc/vscode-bitbake-build', 'LOGNAME': 'openyard', 'HOME': '/home/openyard', 'BBPATH': '/home/openyard/openyard/openbmc_rev2/openbmc/vscode-bitbake-build', 'USER': 'openyard', 'PATH': '/home/openyard/openyard/openbmc_rev2/openbmc/scripts:/home/openyard/openyard/openbmc_rev2/openbmc/poky/bitbake/bin:/home/openyard/openyard/openbmc_rev2/openbmc/node_modules/.bin:/home/openyard/openyard/openbmc_rev2/node_modules/.bin:/home/openyard/openyard/node_modules/.bin:/home/openyard/node_modules/.bin:/home/node_modules/.bin:/node_modules/.bin:/home/openyard/.vscode-server/bin/ee2b180d582a7f601fa6ecfdad8d9fd269ab1884:/home/openyard/.vscode-server/bin/ee2b180d582a7f601fa6ecfdad8d9fd269ab1884/bin/remote-cli:/usr/local/sbin:/usr/local/bin:/usr/sbin:/usr/bin:/sbin:/bin:/usr/games:/usr/local/games:/snap/bin', 'LC_ALL': 'en_US.UTF-8', 'APPLICATION_INSIGHTS_NO_DIAGNOSTIC_CHANNEL': '1', 'VSCODE_AMD_ENTRYPOINT': 'vs/workbench/api/node/extensionHostProcess', 'XDG_SESSION_TYPE': 'tty', 'MOTD_SHOWN': 'pam', 'LANG': 'en_US.UTF-8', 'LS_COLORS': '', 'VSCODE_AGENT_FOLDER': '/home/openyard/.vscode-server', 'SSH_CONNECTION': '93.158.191.247 60263 192.168.3.115 22', 'LESSCLOSE': '/usr/bin/lesspipe %s %s', 'XDG_SESSION_CLASS': 'user', 'VSCODE_HANDLES_SIGPIPE': 'true', 'PYTHONPATH': '/home/openyard/openyard/openbmc_rev2/openbmc/poky/bitbake/lib:', 'LESSOPEN': '| /usr/bin/lesspipe %s', 'SHLVL': '1', 'VSCODE_CWD': '/home/openyard', 'XDG_SESSION_ID': '7', 'XDG_RUNTIME_DIR': '/run/user/1000', 'SSH_CLIENT': '93.158.191.247 60263 22', 'XDG_DATA_DIRS': '/usr/local/share:/usr/share:/var/lib/snapd/desktop', 'BROWSER': '/home/openyard/.vscode-server/bin/ee2b180d582a7f601fa6ecfdad8d9fd269ab1884/bin/helpers/browser.sh', 'DBUS_SESSION_BUS_ADDRESS': 'unix:path=/run/user/1000/bus', 'BUILDDIR': '/home/openyard/openyard/openbmc_rev2/openbmc/vscode-bitbake-build', 'VSCODE_NLS_CONFIG': '{"locale":"en","availableLanguages":{}}', 'VSCODE_HANDLES_UNCAUGHT_ERRORS': 'true', 'OLDPWD': '/home/openyard/openyard/openbmc_rev2/openbmc', 'VSCODE_IPC_HOOK_CLI': '/run/user/1000/vscode-ipc-d2ab7760-5aa6-47c5-ae80-c8a5ef40a55e.sock', '_': '/home/openyard/openyard/openbmc_rev2/openbmc/poky/bitbake/bin/bitbake-layers'}, ['/home/openyard/openyard/openbmc_rev2/openbmc/poky/bitbake/bin/bitbake-layers', 'show-layers']]
4327 07:52:25.056841 Command Completed (socket: True)
4327 07:52:25.057079 Running command ['clientComplete']
4327 07:52:25.067935 Command Completed (socket: True)
4327 07:52:25.318668 Processing Client
4327 07:52:25.318785 Disconnecting Client (socket: True)
4327 07:52:25.318994 No timeout, exiting.
4327 07:52:25.419265 Exiting (socket: True)
4327 07:52:25.434546 Exiting as we could obtain the lock
sys:1: ResourceWarning: unclosed file <_io.TextIOWrapper name='/home/openyard/openyard/openbmc_rev2/openbmc/vscode-bitbake-build/bitbake-cookerdaemon.log' mode='a+' encoding='UTF-8'>
4370 07:52:27.325068 --- Starting bitbake server pid 4370 at 2023-04-27 07:52:27.325032 ---
4370 07:52:27.326528 Started bitbake server pid 4370
4370 07:52:27.326785 Entering server connection loop
4370 07:52:27.326839 Lockfile is: /home/openyard/openyard/openbmc_rev2/openbmc/vscode-bitbake-build/bitbake.lock
Socket is /home/openyard/openyard/openbmc_rev2/openbmc/vscode-bitbake-build/bitbake.sock (True)
4370 07:52:27.327429 Accepting [<socket.socket fd=6, family=AddressFamily.AF_UNIX, type=SocketKind.SOCK_STREAM, proto=0, laddr=bitbake.sock>] ([])
4370 07:52:27.328381 Processing Client
4370 07:52:27.328473 Connecting Client
4370 07:52:27.328921 Running command ['setFeatures', [2, 1]]
4370 07:52:27.329094 Command Completed (socket: True)
4370 07:52:27.329914 Running command ['updateConfig', {'halt': True, 'force': False, 'invalidate_stamp': None, 'dry_run': False, 'dump_signatures': [], 'extra_assume_provided': [], 'profile': False, 'prefile': [], 'postfile': [], 'server_timeout': None, 'nosetscene': False, 'setsceneonly': False, 'skipsetscene': False, 'runall': [], 'runonly': None, 'writeeventlog': None, 'build_verbose_shell': False, 'build_verbose_stdout': False, 'default_loglevel': 20, 'debug_domains': {}}, {'SHELL': '/bin/bash', 'BB_ENV_PASSTHROUGH_ADDITIONS': 'ALL_PROXY BBPATH_EXTRA BB_LOGCONFIG BB_NO_NETWORK BB_NUMBER_THREADS BB_SETSCENE_ENFORCE BB_SRCREV_POLICY DISTRO FTPS_PROXY FTP_PROXY GIT_PROXY_COMMAND HTTPS_PROXY HTTP_PROXY MACHINE NO_PROXY PARALLEL_MAKE SCREENDIR SDKMACHINE SOCKS5_PASSWD SOCKS5_USER SSH_AGENT_PID SSH_AUTH_SOCK STAMPS_DIR TCLIBC TCMODE all_proxy ftp_proxy ftps_proxy http_proxy https_proxy no_proxy ', 'PWD': '/home/openyard/openyard/openbmc_rev2/openbmc/vscode-bitbake-build', 'LOGNAME': 'openyard', 'HOME': '/home/openyard', 'BBPATH': '/home/openyard/openyard/openbmc_rev2/openbmc/vscode-bitbake-build', 'USER': 'openyard', 'PATH': '/home/openyard/openyard/openbmc_rev2/openbmc/scripts:/home/openyard/openyard/openbmc_rev2/openbmc/poky/bitbake/bin:/home/openyard/openyard/openbmc_rev2/openbmc/node_modules/.bin:/home/openyard/openyard/openbmc_rev2/node_modules/.bin:/home/openyard/openyard/node_modules/.bin:/home/openyard/node_modules/.bin:/home/node_modules/.bin:/node_modules/.bin:/home/openyard/.vscode-server/bin/ee2b180d582a7f601fa6ecfdad8d9fd269ab1884:/home/openyard/.vscode-server/bin/ee2b180d582a7f601fa6ecfdad8d9fd269ab1884/bin/remote-cli:/usr/local/sbin:/usr/local/bin:/usr/sbin:/usr/bin:/sbin:/bin:/usr/games:/usr/local/games:/snap/bin', 'LC_ALL': 'en_US.UTF-8', 'APPLICATION_INSIGHTS_NO_DIAGNOSTIC_CHANNEL': '1', 'VSCODE_AMD_ENTRYPOINT': 'vs/workbench/api/node/extensionHostProcess', 'XDG_SESSION_TYPE': 'tty', 'MOTD_SHOWN': 'pam', 'LANG': 'en_US.UTF-8', 'LS_COLORS': '', 'VSCODE_AGENT_FOLDER': '/home/openyard/.vscode-server', 'SSH_CONNECTION': '93.158.191.247 60263 192.168.3.115 22', 'LESSCLOSE': '/usr/bin/lesspipe %s %s', 'XDG_SESSION_CLASS': 'user', 'VSCODE_HANDLES_SIGPIPE': 'true', 'PYTHONPATH': '/home/openyard/openyard/openbmc_rev2/openbmc/poky/bitbake/lib:', 'LESSOPEN': '| /usr/bin/lesspipe %s', 'SHLVL': '1', 'VSCODE_CWD': '/home/openyard', 'XDG_SESSION_ID': '7', 'XDG_RUNTIME_DIR': '/run/user/1000', 'SSH_CLIENT': '93.158.191.247 60263 22', 'XDG_DATA_DIRS': '/usr/local/share:/usr/share:/var/lib/snapd/desktop', 'BROWSER': '/home/openyard/.vscode-server/bin/ee2b180d582a7f601fa6ecfdad8d9fd269ab1884/bin/helpers/browser.sh', 'DBUS_SESSION_BUS_ADDRESS': 'unix:path=/run/user/1000/bus', 'BUILDDIR': '/home/openyard/openyard/openbmc_rev2/openbmc/vscode-bitbake-build', 'VSCODE_NLS_CONFIG': '{"locale":"en","availableLanguages":{}}', 'VSCODE_HANDLES_UNCAUGHT_ERRORS': 'true', 'OLDPWD': '/home/openyard/openyard/openbmc_rev2/openbmc', 'VSCODE_IPC_HOOK_CLI': '/run/user/1000/vscode-ipc-d2ab7760-5aa6-47c5-ae80-c8a5ef40a55e.sock', '_': '/home/openyard/openyard/openbmc_rev2/openbmc/poky/bitbake/bin/bitbake'}, ['/home/openyard/openyard/openbmc_rev2/openbmc/poky/bitbake/bin/bitbake', '-p']]
4370 07:52:27.343475 Command Completed (socket: True)
4370 07:52:27.592196 Processing Client
4370 07:52:27.592318 Disconnecting Client (socket: True)
4370 07:52:27.592527 No timeout, exiting.
4370 07:52:27.692832 Exiting (socket: True)
4370 07:52:27.715096 Exiting as we could obtain the lock
sys:1: ResourceWarning: unclosed file <_io.TextIOWrapper name='/home/openyard/openyard/openbmc_rev2/openbmc/vscode-bitbake-build/bitbake-cookerdaemon.log' mode='a+' encoding='UTF-8'>
4405 07:52:28.533091 --- Starting bitbake server pid 4405 at 2023-04-27 07:52:28.533052 ---
4405 07:52:28.534568 Started bitbake server pid 4405
4405 07:52:28.534828 Entering server connection loop
4405 07:52:28.534884 Lockfile is: /home/openyard/openyard/openbmc_rev2/openbmc/vscode-bitbake-build/bitbake.lock
Socket is /home/openyard/openyard/openbmc_rev2/openbmc/vscode-bitbake-build/bitbake.sock (True)
4405 07:52:28.535461 Accepting [<socket.socket fd=6, family=AddressFamily.AF_UNIX, type=SocketKind.SOCK_STREAM, proto=0, laddr=bitbake.sock>] ([])
4405 07:52:28.536672 Processing Client
4405 07:52:28.536755 Connecting Client
4405 07:52:28.537225 Running command ['setFeatures', [2, 1]]
4405 07:52:28.537404 Command Completed (socket: True)
4405 07:52:28.538215 Running command ['updateConfig', {'halt': True, 'force': False, 'invalidate_stamp': None, 'dry_run': False, 'dump_signatures': [], 'extra_assume_provided': [], 'profile': False, 'prefile': [], 'postfile': [], 'server_timeout': None, 'nosetscene': False, 'setsceneonly': False, 'skipsetscene': False, 'runall': [], 'runonly': None, 'writeeventlog': None, 'build_verbose_shell': False, 'build_verbose_stdout': False, 'default_loglevel': 20, 'debug_domains': {}}, {'SHELL': '/bin/bash', 'BB_ENV_PASSTHROUGH_ADDITIONS': 'ALL_PROXY BBPATH_EXTRA BB_LOGCONFIG BB_NO_NETWORK BB_NUMBER_THREADS BB_SETSCENE_ENFORCE BB_SRCREV_POLICY DISTRO FTPS_PROXY FTP_PROXY GIT_PROXY_COMMAND HTTPS_PROXY HTTP_PROXY MACHINE NO_PROXY PARALLEL_MAKE SCREENDIR SDKMACHINE SOCKS5_PASSWD SOCKS5_USER SSH_AGENT_PID SSH_AUTH_SOCK STAMPS_DIR TCLIBC TCMODE all_proxy ftp_proxy ftps_proxy http_proxy https_proxy no_proxy ', 'PWD': '/home/openyard/openyard/openbmc_rev2/openbmc/vscode-bitbake-build', 'LOGNAME': 'openyard', 'HOME': '/home/openyard', 'BBPATH': '/home/openyard/openyard/openbmc_rev2/openbmc/vscode-bitbake-build', 'USER': 'openyard', 'PATH': '/home/openyard/openyard/openbmc_rev2/openbmc/scripts:/home/openyard/openyard/openbmc_rev2/openbmc/poky/bitbake/bin:/home/openyard/openyard/openbmc_rev2/openbmc/node_modules/.bin:/home/openyard/openyard/openbmc_rev2/node_modules/.bin:/home/openyard/openyard/node_modules/.bin:/home/openyard/node_modules/.bin:/home/node_modules/.bin:/node_modules/.bin:/home/openyard/.vscode-server/bin/ee2b180d582a7f601fa6ecfdad8d9fd269ab1884:/home/openyard/.vscode-server/bin/ee2b180d582a7f601fa6ecfdad8d9fd269ab1884/bin/remote-cli:/usr/local/sbin:/usr/local/bin:/usr/sbin:/usr/bin:/sbin:/bin:/usr/games:/usr/local/games:/snap/bin', 'LC_ALL': 'en_US.UTF-8', 'APPLICATION_INSIGHTS_NO_DIAGNOSTIC_CHANNEL': '1', 'VSCODE_AMD_ENTRYPOINT': 'vs/workbench/api/node/extensionHostProcess', 'XDG_SESSION_TYPE': 'tty', 'MOTD_SHOWN': 'pam', 'LANG': 'en_US.UTF-8', 'LS_COLORS': '', 'VSCODE_AGENT_FOLDER': '/home/openyard/.vscode-server', 'SSH_CONNECTION': '93.158.191.247 60263 192.168.3.115 22', 'LESSCLOSE': '/usr/bin/lesspipe %s %s', 'XDG_SESSION_CLASS': 'user', 'VSCODE_HANDLES_SIGPIPE': 'true', 'PYTHONPATH': '/home/openyard/openyard/openbmc_rev2/openbmc/poky/bitbake/lib:', 'LESSOPEN': '| /usr/bin/lesspipe %s', 'SHLVL': '1', 'VSCODE_CWD': '/home/openyard', 'XDG_SESSION_ID': '7', 'XDG_RUNTIME_DIR': '/run/user/1000', 'SSH_CLIENT': '93.158.191.247 60263 22', 'XDG_DATA_DIRS': '/usr/local/share:/usr/share:/var/lib/snapd/desktop', 'BROWSER': '/home/openyard/.vscode-server/bin/ee2b180d582a7f601fa6ecfdad8d9fd269ab1884/bin/helpers/browser.sh', 'DBUS_SESSION_BUS_ADDRESS': 'unix:path=/run/user/1000/bus', 'BUILDDIR': '/home/openyard/openyard/openbmc_rev2/openbmc/vscode-bitbake-build', 'VSCODE_NLS_CONFIG': '{"locale":"en","availableLanguages":{}}', 'VSCODE_HANDLES_UNCAUGHT_ERRORS': 'true', 'OLDPWD': '/home/openyard/openyard/openbmc_rev2/openbmc', 'VSCODE_IPC_HOOK_CLI': '/run/user/1000/vscode-ipc-d2ab7760-5aa6-47c5-ae80-c8a5ef40a55e.sock', '_': '/home/openyard/openyard/openbmc_rev2/openbmc/poky/bitbake/bin/bitbake-layers'}, ['/home/openyard/openyard/openbmc_rev2/openbmc/poky/bitbake/bin/bitbake-layers', 'show-layers']]
4405 07:52:28.551531 Command Completed (socket: True)
4405 07:52:28.551824 Running command ['clientComplete']
4405 07:52:28.563594 Command Completed (socket: True)
4405 07:52:28.814010 Processing Client
4405 07:52:28.814219 Disconnecting Client (socket: True)
4405 07:52:28.814462 No timeout, exiting.
4405 07:52:28.914828 Exiting (socket: True)
4405 07:52:28.944565 Exiting as we could obtain the lock
sys:1: ResourceWarning: unclosed file <_io.TextIOWrapper name='/home/openyard/openyard/openbmc_rev2/openbmc/vscode-bitbake-build/bitbake-cookerdaemon.log' mode='a+' encoding='UTF-8'>
2244 06:37:11.153051 --- Starting bitbake server pid 2244 at 2023-04-28 06:37:11.153011 ---
2244 06:37:11.154488 Started bitbake server pid 2244
2244 06:37:11.154793 Entering server connection loop
2244 06:37:11.154848 Lockfile is: /home/openyard/openyard/openbmc_rev2/openbmc/vscode-bitbake-build/bitbake.lock
Socket is /home/openyard/openyard/openbmc_rev2/openbmc/vscode-bitbake-build/bitbake.sock (True)
2244 06:37:11.155539 Accepting [<socket.socket fd=6, family=AddressFamily.AF_UNIX, type=SocketKind.SOCK_STREAM, proto=0, laddr=bitbake.sock>] ([])
2244 06:37:11.156500 Processing Client
2244 06:37:11.156581 Connecting Client
2244 06:37:11.157037 Running command ['setFeatures', [2, 1]]
2244 06:37:11.157210 Command Completed (socket: True)
2244 06:37:11.157958 Running command ['updateConfig', {'halt': True, 'force': False, 'invalidate_stamp': None, 'dry_run': False, 'dump_signatures': [], 'extra_assume_provided': [], 'profile': False, 'prefile': [], 'postfile': [], 'server_timeout': None, 'nosetscene': False, 'setsceneonly': False, 'skipsetscene': False, 'runall': [], 'runonly': None, 'writeeventlog': None, 'build_verbose_shell': False, 'build_verbose_stdout': False, 'default_loglevel': 20, 'debug_domains': {}}, {'SHELL': '/bin/bash', 'BB_ENV_PASSTHROUGH_ADDITIONS': 'ALL_PROXY BBPATH_EXTRA BB_LOGCONFIG BB_NO_NETWORK BB_NUMBER_THREADS BB_SETSCENE_ENFORCE BB_SRCREV_POLICY DISTRO FTPS_PROXY FTP_PROXY GIT_PROXY_COMMAND HTTPS_PROXY HTTP_PROXY MACHINE NO_PROXY PARALLEL_MAKE SCREENDIR SDKMACHINE SOCKS5_PASSWD SOCKS5_USER SSH_AGENT_PID SSH_AUTH_SOCK STAMPS_DIR TCLIBC TCMODE all_proxy ftp_proxy ftps_proxy http_proxy https_proxy no_proxy ', 'PWD': '/home/openyard/openyard/openbmc_rev2/openbmc/vscode-bitbake-build', 'LOGNAME': 'openyard', 'HOME': '/home/openyard', 'BBPATH': '/home/openyard/openyard/openbmc_rev2/openbmc/vscode-bitbake-build', 'USER': 'openyard', 'PATH': '/home/openyard/openyard/openbmc_rev2/openbmc/scripts:/home/openyard/openyard/openbmc_rev2/openbmc/poky/bitbake/bin:/home/openyard/openyard/openbmc_rev2/openbmc/node_modules/.bin:/home/openyard/openyard/openbmc_rev2/node_modules/.bin:/home/openyard/openyard/node_modules/.bin:/home/openyard/node_modules/.bin:/home/node_modules/.bin:/node_modules/.bin:/home/openyard/.vscode-server/bin/ee2b180d582a7f601fa6ecfdad8d9fd269ab1884:/home/openyard/.vscode-server/bin/ee2b180d582a7f601fa6ecfdad8d9fd269ab1884/bin/remote-cli:/usr/local/sbin:/usr/local/bin:/usr/sbin:/usr/bin:/sbin:/bin:/usr/games:/usr/local/games:/snap/bin', 'LC_ALL': 'en_US.UTF-8', 'VSCODE_AMD_ENTRYPOINT': 'vs/workbench/api/node/extensionHostProcess', 'XDG_SESSION_TYPE': 'tty', 'MOTD_SHOWN': 'pam', 'LANG': 'en_US.UTF-8', 'LS_COLORS': '', 'VSCODE_AGENT_FOLDER': '/home/openyard/.vscode-server', 'SSH_CONNECTION': '93.158.191.247 62843 192.168.3.115 22', 'LESSCLOSE': '/usr/bin/lesspipe %s %s', 'XDG_SESSION_CLASS': 'user', 'VSCODE_HANDLES_SIGPIPE': 'true', 'PYTHONPATH': '/home/openyard/openyard/openbmc_rev2/openbmc/poky/bitbake/lib:', 'LESSOPEN': '| /usr/bin/lesspipe %s', 'SHLVL': '1', 'VSCODE_CWD': '/home/openyard', 'XDG_SESSION_ID': '6', 'XDG_RUNTIME_DIR': '/run/user/1000', 'SSH_CLIENT': '93.158.191.247 62843 22', 'XDG_DATA_DIRS': '/usr/local/share:/usr/share:/var/lib/snapd/desktop', 'BROWSER': '/home/openyard/.vscode-server/bin/ee2b180d582a7f601fa6ecfdad8d9fd269ab1884/bin/helpers/browser.sh', 'DBUS_SESSION_BUS_ADDRESS': 'unix:path=/run/user/1000/bus', 'BUILDDIR': '/home/openyard/openyard/openbmc_rev2/openbmc/vscode-bitbake-build', 'VSCODE_NLS_CONFIG': '{"locale":"en","availableLanguages":{}}', 'VSCODE_HANDLES_UNCAUGHT_ERRORS': 'true', 'OLDPWD': '/home/openyard/openyard/openbmc_rev2/openbmc', 'VSCODE_IPC_HOOK_CLI': '/run/user/1000/vscode-ipc-e48d1f9b-01d8-4ae4-bb47-642349fd08c8.sock', '_': '/home/openyard/openyard/openbmc_rev2/openbmc/poky/bitbake/bin/bitbake'}, ['/home/openyard/openyard/openbmc_rev2/openbmc/poky/bitbake/bin/bitbake', '-p']]
2244 06:37:11.172869 Command Completed (socket: True)
2244 06:37:11.420203 Processing Client
2244 06:37:11.420374 Disconnecting Client (socket: True)
2244 06:37:11.420608 No timeout, exiting.
2244 06:37:11.520923 Exiting (socket: True)
2244 06:37:11.548575 Exiting as we could obtain the lock
sys:1: ResourceWarning: unclosed file <_io.TextIOWrapper name='/home/openyard/openyard/openbmc_rev2/openbmc/vscode-bitbake-build/bitbake-cookerdaemon.log' mode='a+' encoding='UTF-8'>
2279 06:37:12.473727 --- Starting bitbake server pid 2279 at 2023-04-28 06:37:12.473688 ---
2279 06:37:12.475226 Started bitbake server pid 2279
2279 06:37:12.475519 Entering server connection loop
2279 06:37:12.475584 Lockfile is: /home/openyard/openyard/openbmc_rev2/openbmc/vscode-bitbake-build/bitbake.lock
Socket is /home/openyard/openyard/openbmc_rev2/openbmc/vscode-bitbake-build/bitbake.sock (True)
2279 06:37:12.476261 Accepting [<socket.socket fd=6, family=AddressFamily.AF_UNIX, type=SocketKind.SOCK_STREAM, proto=0, laddr=bitbake.sock>] ([])
2279 06:37:12.477473 Processing Client
2279 06:37:12.477543 Connecting Client
2279 06:37:12.478032 Running command ['setFeatures', [2, 1]]
2279 06:37:12.478223 Command Completed (socket: True)
2279 06:37:12.479048 Running command ['updateConfig', {'halt': True, 'force': False, 'invalidate_stamp': None, 'dry_run': False, 'dump_signatures': [], 'extra_assume_provided': [], 'profile': False, 'prefile': [], 'postfile': [], 'server_timeout': None, 'nosetscene': False, 'setsceneonly': False, 'skipsetscene': False, 'runall': [], 'runonly': None, 'writeeventlog': None, 'build_verbose_shell': False, 'build_verbose_stdout': False, 'default_loglevel': 20, 'debug_domains': {}}, {'SHELL': '/bin/bash', 'BB_ENV_PASSTHROUGH_ADDITIONS': 'ALL_PROXY BBPATH_EXTRA BB_LOGCONFIG BB_NO_NETWORK BB_NUMBER_THREADS BB_SETSCENE_ENFORCE BB_SRCREV_POLICY DISTRO FTPS_PROXY FTP_PROXY GIT_PROXY_COMMAND HTTPS_PROXY HTTP_PROXY MACHINE NO_PROXY PARALLEL_MAKE SCREENDIR SDKMACHINE SOCKS5_PASSWD SOCKS5_USER SSH_AGENT_PID SSH_AUTH_SOCK STAMPS_DIR TCLIBC TCMODE all_proxy ftp_proxy ftps_proxy http_proxy https_proxy no_proxy ', 'PWD': '/home/openyard/openyard/openbmc_rev2/openbmc/vscode-bitbake-build', 'LOGNAME': 'openyard', 'HOME': '/home/openyard', 'BBPATH': '/home/openyard/openyard/openbmc_rev2/openbmc/vscode-bitbake-build', 'USER': 'openyard', 'PATH': '/home/openyard/openyard/openbmc_rev2/openbmc/scripts:/home/openyard/openyard/openbmc_rev2/openbmc/poky/bitbake/bin:/home/openyard/openyard/openbmc_rev2/openbmc/node_modules/.bin:/home/openyard/openyard/openbmc_rev2/node_modules/.bin:/home/openyard/openyard/node_modules/.bin:/home/openyard/node_modules/.bin:/home/node_modules/.bin:/node_modules/.bin:/home/openyard/.vscode-server/bin/ee2b180d582a7f601fa6ecfdad8d9fd269ab1884:/home/openyard/.vscode-server/bin/ee2b180d582a7f601fa6ecfdad8d9fd269ab1884/bin/remote-cli:/usr/local/sbin:/usr/local/bin:/usr/sbin:/usr/bin:/sbin:/bin:/usr/games:/usr/local/games:/snap/bin', 'LC_ALL': 'en_US.UTF-8', 'VSCODE_AMD_ENTRYPOINT': 'vs/workbench/api/node/extensionHostProcess', 'XDG_SESSION_TYPE': 'tty', 'MOTD_SHOWN': 'pam', 'LANG': 'en_US.UTF-8', 'LS_COLORS': '', 'VSCODE_AGENT_FOLDER': '/home/openyard/.vscode-server', 'SSH_CONNECTION': '93.158.191.247 62843 192.168.3.115 22', 'LESSCLOSE': '/usr/bin/lesspipe %s %s', 'XDG_SESSION_CLASS': 'user', 'VSCODE_HANDLES_SIGPIPE': 'true', 'PYTHONPATH': '/home/openyard/openyard/openbmc_rev2/openbmc/poky/bitbake/lib:', 'LESSOPEN': '| /usr/bin/lesspipe %s', 'SHLVL': '1', 'VSCODE_CWD': '/home/openyard', 'XDG_SESSION_ID': '6', 'XDG_RUNTIME_DIR': '/run/user/1000', 'SSH_CLIENT': '93.158.191.247 62843 22', 'XDG_DATA_DIRS': '/usr/local/share:/usr/share:/var/lib/snapd/desktop', 'BROWSER': '/home/openyard/.vscode-server/bin/ee2b180d582a7f601fa6ecfdad8d9fd269ab1884/bin/helpers/browser.sh', 'DBUS_SESSION_BUS_ADDRESS': 'unix:path=/run/user/1000/bus', 'BUILDDIR': '/home/openyard/openyard/openbmc_rev2/openbmc/vscode-bitbake-build', 'VSCODE_NLS_CONFIG': '{"locale":"en","availableLanguages":{}}', 'VSCODE_HANDLES_UNCAUGHT_ERRORS': 'true', 'OLDPWD': '/home/openyard/openyard/openbmc_rev2/openbmc', 'VSCODE_IPC_HOOK_CLI': '/run/user/1000/vscode-ipc-e48d1f9b-01d8-4ae4-bb47-642349fd08c8.sock', '_': '/home/openyard/openyard/openbmc_rev2/openbmc/poky/bitbake/bin/bitbake-layers'}, ['/home/openyard/openyard/openbmc_rev2/openbmc/poky/bitbake/bin/bitbake-layers', 'show-layers']]
2279 06:37:12.492620 Command Completed (socket: True)
2279 06:37:12.492834 Running command ['clientComplete']
2279 06:37:12.503296 Command Completed (socket: True)
2279 06:37:12.753939 Processing Client
2279 06:37:12.754104 Disconnecting Client (socket: True)
2279 06:37:12.754348 No timeout, exiting.
2279 06:37:12.854724 Exiting (socket: True)
2279 06:37:12.929913 Exiting as we could obtain the lock
sys:1: ResourceWarning: unclosed file <_io.TextIOWrapper name='/home/openyard/openyard/openbmc_rev2/openbmc/vscode-bitbake-build/bitbake-cookerdaemon.log' mode='a+' encoding='UTF-8'>
2331 06:37:14.926853 --- Starting bitbake server pid 2331 at 2023-04-28 06:37:14.926814 ---
2331 06:37:14.928374 Started bitbake server pid 2331
2331 06:37:14.928645 Entering server connection loop
2331 06:37:14.928699 Lockfile is: /home/openyard/openyard/openbmc_rev2/openbmc/vscode-bitbake-build/bitbake.lock
Socket is /home/openyard/openyard/openbmc_rev2/openbmc/vscode-bitbake-build/bitbake.sock (True)
2331 06:37:14.929250 Accepting [<socket.socket fd=6, family=AddressFamily.AF_UNIX, type=SocketKind.SOCK_STREAM, proto=0, laddr=bitbake.sock>] ([])
2331 06:37:14.930350 Processing Client
2331 06:37:14.930434 Connecting Client
2331 06:37:14.930889 Running command ['setFeatures', [2, 1]]
2331 06:37:14.931066 Command Completed (socket: True)
2331 06:37:14.931838 Running command ['updateConfig', {'halt': True, 'force': False, 'invalidate_stamp': None, 'dry_run': False, 'dump_signatures': [], 'extra_assume_provided': [], 'profile': False, 'prefile': [], 'postfile': [], 'server_timeout': None, 'nosetscene': False, 'setsceneonly': False, 'skipsetscene': False, 'runall': [], 'runonly': None, 'writeeventlog': None, 'build_verbose_shell': False, 'build_verbose_stdout': False, 'default_loglevel': 20, 'debug_domains': {}}, {'SHELL': '/bin/bash', 'BB_ENV_PASSTHROUGH_ADDITIONS': 'ALL_PROXY BBPATH_EXTRA BB_LOGCONFIG BB_NO_NETWORK BB_NUMBER_THREADS BB_SETSCENE_ENFORCE BB_SRCREV_POLICY DISTRO FTPS_PROXY FTP_PROXY GIT_PROXY_COMMAND HTTPS_PROXY HTTP_PROXY MACHINE NO_PROXY PARALLEL_MAKE SCREENDIR SDKMACHINE SOCKS5_PASSWD SOCKS5_USER SSH_AGENT_PID SSH_AUTH_SOCK STAMPS_DIR TCLIBC TCMODE all_proxy ftp_proxy ftps_proxy http_proxy https_proxy no_proxy ', 'PWD': '/home/openyard/openyard/openbmc_rev2/openbmc/vscode-bitbake-build', 'LOGNAME': 'openyard', 'HOME': '/home/openyard', 'BBPATH': '/home/openyard/openyard/openbmc_rev2/openbmc/vscode-bitbake-build', 'USER': 'openyard', 'PATH': '/home/openyard/openyard/openbmc_rev2/openbmc/scripts:/home/openyard/openyard/openbmc_rev2/openbmc/poky/bitbake/bin:/home/openyard/openyard/openbmc_rev2/openbmc/node_modules/.bin:/home/openyard/openyard/openbmc_rev2/node_modules/.bin:/home/openyard/openyard/node_modules/.bin:/home/openyard/node_modules/.bin:/home/node_modules/.bin:/node_modules/.bin:/home/openyard/.vscode-server/bin/ee2b180d582a7f601fa6ecfdad8d9fd269ab1884:/home/openyard/.vscode-server/bin/ee2b180d582a7f601fa6ecfdad8d9fd269ab1884/bin/remote-cli:/usr/local/sbin:/usr/local/bin:/usr/sbin:/usr/bin:/sbin:/bin:/usr/games:/usr/local/games:/snap/bin', 'LC_ALL': 'en_US.UTF-8', 'APPLICATION_INSIGHTS_NO_DIAGNOSTIC_CHANNEL': '1', 'VSCODE_AMD_ENTRYPOINT': 'vs/workbench/api/node/extensionHostProcess', 'XDG_SESSION_TYPE': 'tty', 'MOTD_SHOWN': 'pam', 'LANG': 'en_US.UTF-8', 'LS_COLORS': '', 'VSCODE_AGENT_FOLDER': '/home/openyard/.vscode-server', 'SSH_CONNECTION': '93.158.191.247 62843 192.168.3.115 22', 'LESSCLOSE': '/usr/bin/lesspipe %s %s', 'XDG_SESSION_CLASS': 'user', 'VSCODE_HANDLES_SIGPIPE': 'true', 'PYTHONPATH': '/home/openyard/openyard/openbmc_rev2/openbmc/poky/bitbake/lib:', 'LESSOPEN': '| /usr/bin/lesspipe %s', 'SHLVL': '1', 'VSCODE_CWD': '/home/openyard', 'XDG_SESSION_ID': '6', 'XDG_RUNTIME_DIR': '/run/user/1000', 'SSH_CLIENT': '93.158.191.247 62843 22', 'XDG_DATA_DIRS': '/usr/local/share:/usr/share:/var/lib/snapd/desktop', 'BROWSER': '/home/openyard/.vscode-server/bin/ee2b180d582a7f601fa6ecfdad8d9fd269ab1884/bin/helpers/browser.sh', 'DBUS_SESSION_BUS_ADDRESS': 'unix:path=/run/user/1000/bus', 'BUILDDIR': '/home/openyard/openyard/openbmc_rev2/openbmc/vscode-bitbake-build', 'VSCODE_NLS_CONFIG': '{"locale":"en","availableLanguages":{}}', 'VSCODE_HANDLES_UNCAUGHT_ERRORS': 'true', 'OLDPWD': '/home/openyard/openyard/openbmc_rev2/openbmc', 'VSCODE_IPC_HOOK_CLI': '/run/user/1000/vscode-ipc-e48d1f9b-01d8-4ae4-bb47-642349fd08c8.sock', '_': '/home/openyard/openyard/openbmc_rev2/openbmc/poky/bitbake/bin/bitbake'}, ['/home/openyard/openyard/openbmc_rev2/openbmc/poky/bitbake/bin/bitbake', '-p']]
2331 06:37:14.944953 Command Completed (socket: True)
2331 06:37:15.194004 Processing Client
2331 06:37:15.194206 Disconnecting Client (socket: True)
2331 06:37:15.194478 No timeout, exiting.
2331 06:37:15.294798 Exiting (socket: True)
2331 06:37:15.322618 Exiting as we could obtain the lock
sys:1: ResourceWarning: unclosed file <_io.TextIOWrapper name='/home/openyard/openyard/openbmc_rev2/openbmc/vscode-bitbake-build/bitbake-cookerdaemon.log' mode='a+' encoding='UTF-8'>
2369 06:37:16.167758 --- Starting bitbake server pid 2369 at 2023-04-28 06:37:16.167719 ---
2369 06:37:16.169227 Started bitbake server pid 2369
2369 06:37:16.169494 Entering server connection loop
2369 06:37:16.169548 Lockfile is: /home/openyard/openyard/openbmc_rev2/openbmc/vscode-bitbake-build/bitbake.lock
Socket is /home/openyard/openyard/openbmc_rev2/openbmc/vscode-bitbake-build/bitbake.sock (True)
2369 06:37:16.170123 Accepting [<socket.socket fd=6, family=AddressFamily.AF_UNIX, type=SocketKind.SOCK_STREAM, proto=0, laddr=bitbake.sock>] ([])
2369 06:37:16.171516 Processing Client
2369 06:37:16.171588 Connecting Client
2369 06:37:16.172052 Running command ['setFeatures', [2, 1]]
2369 06:37:16.172257 Command Completed (socket: True)
2369 06:37:16.173196 Running command ['updateConfig', {'halt': True, 'force': False, 'invalidate_stamp': None, 'dry_run': False, 'dump_signatures': [], 'extra_assume_provided': [], 'profile': False, 'prefile': [], 'postfile': [], 'server_timeout': None, 'nosetscene': False, 'setsceneonly': False, 'skipsetscene': False, 'runall': [], 'runonly': None, 'writeeventlog': None, 'build_verbose_shell': False, 'build_verbose_stdout': False, 'default_loglevel': 20, 'debug_domains': {}}, {'SHELL': '/bin/bash', 'BB_ENV_PASSTHROUGH_ADDITIONS': 'ALL_PROXY BBPATH_EXTRA BB_LOGCONFIG BB_NO_NETWORK BB_NUMBER_THREADS BB_SETSCENE_ENFORCE BB_SRCREV_POLICY DISTRO FTPS_PROXY FTP_PROXY GIT_PROXY_COMMAND HTTPS_PROXY HTTP_PROXY MACHINE NO_PROXY PARALLEL_MAKE SCREENDIR SDKMACHINE SOCKS5_PASSWD SOCKS5_USER SSH_AGENT_PID SSH_AUTH_SOCK STAMPS_DIR TCLIBC TCMODE all_proxy ftp_proxy ftps_proxy http_proxy https_proxy no_proxy ', 'PWD': '/home/openyard/openyard/openbmc_rev2/openbmc/vscode-bitbake-build', 'LOGNAME': 'openyard', 'HOME': '/home/openyard', 'BBPATH': '/home/openyard/openyard/openbmc_rev2/openbmc/vscode-bitbake-build', 'USER': 'openyard', 'PATH': '/home/openyard/openyard/openbmc_rev2/openbmc/scripts:/home/openyard/openyard/openbmc_rev2/openbmc/poky/bitbake/bin:/home/openyard/openyard/openbmc_rev2/openbmc/node_modules/.bin:/home/openyard/openyard/openbmc_rev2/node_modules/.bin:/home/openyard/openyard/node_modules/.bin:/home/openyard/node_modules/.bin:/home/node_modules/.bin:/node_modules/.bin:/home/openyard/.vscode-server/bin/ee2b180d582a7f601fa6ecfdad8d9fd269ab1884:/home/openyard/.vscode-server/bin/ee2b180d582a7f601fa6ecfdad8d9fd269ab1884/bin/remote-cli:/usr/local/sbin:/usr/local/bin:/usr/sbin:/usr/bin:/sbin:/bin:/usr/games:/usr/local/games:/snap/bin', 'LC_ALL': 'en_US.UTF-8', 'APPLICATION_INSIGHTS_NO_DIAGNOSTIC_CHANNEL': '1', 'VSCODE_AMD_ENTRYPOINT': 'vs/workbench/api/node/extensionHostProcess', 'XDG_SESSION_TYPE': 'tty', 'MOTD_SHOWN': 'pam', 'LANG': 'en_US.UTF-8', 'LS_COLORS': '', 'VSCODE_AGENT_FOLDER': '/home/openyard/.vscode-server', 'SSH_CONNECTION': '93.158.191.247 62843 192.168.3.115 22', 'LESSCLOSE': '/usr/bin/lesspipe %s %s', 'XDG_SESSION_CLASS': 'user', 'VSCODE_HANDLES_SIGPIPE': 'true', 'PYTHONPATH': '/home/openyard/openyard/openbmc_rev2/openbmc/poky/bitbake/lib:', 'LESSOPEN': '| /usr/bin/lesspipe %s', 'SHLVL': '1', 'VSCODE_CWD': '/home/openyard', 'XDG_SESSION_ID': '6', 'XDG_RUNTIME_DIR': '/run/user/1000', 'SSH_CLIENT': '93.158.191.247 62843 22', 'XDG_DATA_DIRS': '/usr/local/share:/usr/share:/var/lib/snapd/desktop', 'BROWSER': '/home/openyard/.vscode-server/bin/ee2b180d582a7f601fa6ecfdad8d9fd269ab1884/bin/helpers/browser.sh', 'DBUS_SESSION_BUS_ADDRESS': 'unix:path=/run/user/1000/bus', 'BUILDDIR': '/home/openyard/openyard/openbmc_rev2/openbmc/vscode-bitbake-build', 'VSCODE_NLS_CONFIG': '{"locale":"en","availableLanguages":{}}', 'VSCODE_HANDLES_UNCAUGHT_ERRORS': 'true', 'OLDPWD': '/home/openyard/openyard/openbmc_rev2/openbmc', 'VSCODE_IPC_HOOK_CLI': '/run/user/1000/vscode-ipc-e48d1f9b-01d8-4ae4-bb47-642349fd08c8.sock', '_': '/home/openyard/openyard/openbmc_rev2/openbmc/poky/bitbake/bin/bitbake-layers'}, ['/home/openyard/openyard/openbmc_rev2/openbmc/poky/bitbake/bin/bitbake-layers', 'show-layers']]
2369 06:37:16.185424 Command Completed (socket: True)
2369 06:37:16.185769 Running command ['clientComplete']
2369 06:37:16.196585 Command Completed (socket: True)
2369 06:37:16.447227 Processing Client
2369 06:37:16.447428 Disconnecting Client (socket: True)
2369 06:37:16.447741 No timeout, exiting.
2369 06:37:16.548073 Exiting (socket: True)
2369 06:37:16.570878 Exiting as we could obtain the lock
sys:1: ResourceWarning: unclosed file <_io.TextIOWrapper name='/home/openyard/openyard/openbmc_rev2/openbmc/vscode-bitbake-build/bitbake-cookerdaemon.log' mode='a+' encoding='UTF-8'>
182721 07:01:24.219957 --- Starting bitbake server pid 182721 at 2023-05-02 07:01:24.219916 ---
182721 07:01:24.221698 Started bitbake server pid 182721
182721 07:01:24.222037 Entering server connection loop
182721 07:01:24.222099 Lockfile is: /home/openyard/openyard/openbmc_rev2/openbmc/vscode-bitbake-build/bitbake.lock
Socket is /home/openyard/openyard/openbmc_rev2/openbmc/vscode-bitbake-build/bitbake.sock (True)
182721 07:01:24.222864 Accepting [<socket.socket fd=6, family=AddressFamily.AF_UNIX, type=SocketKind.SOCK_STREAM, proto=0, laddr=bitbake.sock>] ([])
182721 07:01:24.224021 Processing Client
182721 07:01:24.224105 Connecting Client
182721 07:01:24.224660 Running command ['setFeatures', [2, 1]]
182721 07:01:24.224869 Command Completed (socket: True)
182721 07:01:24.226163 Running command ['updateConfig', {'halt': True, 'force': False, 'invalidate_stamp': None, 'dry_run': False, 'dump_signatures': [], 'extra_assume_provided': [], 'profile': False, 'prefile': [], 'postfile': [], 'server_timeout': None, 'nosetscene': False, 'setsceneonly': False, 'skipsetscene': False, 'runall': [], 'runonly': None, 'writeeventlog': None, 'build_verbose_shell': False, 'build_verbose_stdout': False, 'default_loglevel': 20, 'debug_domains': {}}, {'SHELL': '/bin/bash', 'BB_ENV_PASSTHROUGH_ADDITIONS': 'ALL_PROXY BBPATH_EXTRA BB_LOGCONFIG BB_NO_NETWORK BB_NUMBER_THREADS BB_SETSCENE_ENFORCE BB_SRCREV_POLICY DISTRO FTPS_PROXY FTP_PROXY GIT_PROXY_COMMAND HTTPS_PROXY HTTP_PROXY MACHINE NO_PROXY PARALLEL_MAKE SCREENDIR SDKMACHINE SOCKS5_PASSWD SOCKS5_USER SSH_AGENT_PID SSH_AUTH_SOCK STAMPS_DIR TCLIBC TCMODE all_proxy ftp_proxy ftps_proxy http_proxy https_proxy no_proxy ', 'PWD': '/home/openyard/openyard/openbmc_rev2/openbmc/vscode-bitbake-build', 'LOGNAME': 'openyard', 'HOME': '/home/openyard', 'BBPATH': '/home/openyard/openyard/openbmc_rev2/openbmc/vscode-bitbake-build', 'USER': 'openyard', 'PATH': '/home/openyard/openyard/openbmc_rev2/openbmc/scripts:/home/openyard/openyard/openbmc_rev2/openbmc/poky/bitbake/bin:/home/openyard/openyard/openbmc_rev2/openbmc/node_modules/.bin:/home/openyard/openyard/openbmc_rev2/node_modules/.bin:/home/openyard/openyard/node_modules/.bin:/home/openyard/node_modules/.bin:/home/node_modules/.bin:/node_modules/.bin:/home/openyard/.vscode-server/bin/ee2b180d582a7f601fa6ecfdad8d9fd269ab1884:/home/openyard/.vscode-server/bin/ee2b180d582a7f601fa6ecfdad8d9fd269ab1884/bin/remote-cli:/usr/local/sbin:/usr/local/bin:/usr/sbin:/usr/bin:/sbin:/bin:/usr/games:/usr/local/games:/snap/bin', 'LC_ALL': 'en_US.UTF-8', 'APPLICATION_INSIGHTS_NO_DIAGNOSTIC_CHANNEL': '1', 'VSCODE_AMD_ENTRYPOINT': 'vs/workbench/api/node/extensionHostProcess', 'XDG_SESSION_TYPE': 'tty', 'MOTD_SHOWN': 'pam', 'LANG': 'en_US.UTF-8', 'LS_COLORS': '', 'VSCODE_AGENT_FOLDER': '/home/openyard/.vscode-server', 'VSCODE_L10N_BUNDLE_LOCATION': '', 'SSH_CONNECTION': '93.158.191.247 62711 192.168.3.115 22', 'LESSCLOSE': '/usr/bin/lesspipe %s %s', 'XDG_SESSION_CLASS': 'user', 'VSCODE_HANDLES_SIGPIPE': 'true', 'PYTHONPATH': '/home/openyard/openyard/openbmc_rev2/openbmc/poky/bitbake/lib:', 'LESSOPEN': '| /usr/bin/lesspipe %s', 'SHLVL': '1', 'VSCODE_CWD': '/home/openyard', 'XDG_SESSION_ID': '131', 'XDG_RUNTIME_DIR': '/run/user/1000', 'SSH_CLIENT': '93.158.191.247 62711 22', 'XDG_DATA_DIRS': '/usr/local/share:/usr/share:/var/lib/snapd/desktop', 'BROWSER': '/home/openyard/.vscode-server/bin/ee2b180d582a7f601fa6ecfdad8d9fd269ab1884/bin/helpers/browser.sh', 'DBUS_SESSION_BUS_ADDRESS': 'unix:path=/run/user/1000/bus', 'BUILDDIR': '/home/openyard/openyard/openbmc_rev2/openbmc/vscode-bitbake-build', 'VSCODE_NLS_CONFIG': '{"locale":"en","availableLanguages":{}}', 'VSCODE_HANDLES_UNCAUGHT_ERRORS': 'true', 'OLDPWD': '/home/openyard/openyard/openbmc_rev2/openbmc', 'VSCODE_IPC_HOOK_CLI': '/run/user/1000/vscode-ipc-5f07e13d-3fc3-48a7-babf-ae621853026b.sock', '_': '/home/openyard/openyard/openbmc_rev2/openbmc/poky/bitbake/bin/bitbake'}, ['/home/openyard/openyard/openbmc_rev2/openbmc/poky/bitbake/bin/bitbake', '-p']]
182721 07:01:24.240815 Command Completed (socket: True)
182721 07:01:24.489750 Processing Client
182721 07:01:24.489983 Disconnecting Client (socket: True)
182721 07:01:24.490252 No timeout, exiting.
182721 07:01:24.590596 Exiting (socket: True)
182721 07:01:24.611700 Exiting as we could obtain the lock
sys:1: ResourceWarning: unclosed file <_io.TextIOWrapper name='/home/openyard/openyard/openbmc_rev2/openbmc/vscode-bitbake-build/bitbake-cookerdaemon.log' mode='a+' encoding='UTF-8'>
182756 07:01:25.508636 --- Starting bitbake server pid 182756 at 2023-05-02 07:01:25.508595 ---
182756 07:01:25.510338 Started bitbake server pid 182756
182756 07:01:25.510619 Entering server connection loop
182756 07:01:25.510679 Lockfile is: /home/openyard/openyard/openbmc_rev2/openbmc/vscode-bitbake-build/bitbake.lock
Socket is /home/openyard/openyard/openbmc_rev2/openbmc/vscode-bitbake-build/bitbake.sock (True)
182756 07:01:25.511293 Accepting [<socket.socket fd=6, family=AddressFamily.AF_UNIX, type=SocketKind.SOCK_STREAM, proto=0, laddr=bitbake.sock>] ([])
182756 07:01:25.512780 Processing Client
182756 07:01:25.512891 Connecting Client
182756 07:01:25.513437 Running command ['setFeatures', [2, 1]]
182756 07:01:25.513635 Command Completed (socket: True)
182756 07:01:25.514608 Running command ['updateConfig', {'halt': True, 'force': False, 'invalidate_stamp': None, 'dry_run': False, 'dump_signatures': [], 'extra_assume_provided': [], 'profile': False, 'prefile': [], 'postfile': [], 'server_timeout': None, 'nosetscene': False, 'setsceneonly': False, 'skipsetscene': False, 'runall': [], 'runonly': None, 'writeeventlog': None, 'build_verbose_shell': False, 'build_verbose_stdout': False, 'default_loglevel': 20, 'debug_domains': {}}, {'SHELL': '/bin/bash', 'BB_ENV_PASSTHROUGH_ADDITIONS': 'ALL_PROXY BBPATH_EXTRA BB_LOGCONFIG BB_NO_NETWORK BB_NUMBER_THREADS BB_SETSCENE_ENFORCE BB_SRCREV_POLICY DISTRO FTPS_PROXY FTP_PROXY GIT_PROXY_COMMAND HTTPS_PROXY HTTP_PROXY MACHINE NO_PROXY PARALLEL_MAKE SCREENDIR SDKMACHINE SOCKS5_PASSWD SOCKS5_USER SSH_AGENT_PID SSH_AUTH_SOCK STAMPS_DIR TCLIBC TCMODE all_proxy ftp_proxy ftps_proxy http_proxy https_proxy no_proxy ', 'PWD': '/home/openyard/openyard/openbmc_rev2/openbmc/vscode-bitbake-build', 'LOGNAME': 'openyard', 'HOME': '/home/openyard', 'BBPATH': '/home/openyard/openyard/openbmc_rev2/openbmc/vscode-bitbake-build', 'USER': 'openyard', 'PATH': '/home/openyard/openyard/openbmc_rev2/openbmc/scripts:/home/openyard/openyard/openbmc_rev2/openbmc/poky/bitbake/bin:/home/openyard/openyard/openbmc_rev2/openbmc/node_modules/.bin:/home/openyard/openyard/openbmc_rev2/node_modules/.bin:/home/openyard/openyard/node_modules/.bin:/home/openyard/node_modules/.bin:/home/node_modules/.bin:/node_modules/.bin:/home/openyard/.vscode-server/bin/ee2b180d582a7f601fa6ecfdad8d9fd269ab1884:/home/openyard/.vscode-server/bin/ee2b180d582a7f601fa6ecfdad8d9fd269ab1884/bin/remote-cli:/usr/local/sbin:/usr/local/bin:/usr/sbin:/usr/bin:/sbin:/bin:/usr/games:/usr/local/games:/snap/bin', 'LC_ALL': 'en_US.UTF-8', 'APPLICATION_INSIGHTS_NO_DIAGNOSTIC_CHANNEL': '1', 'VSCODE_AMD_ENTRYPOINT': 'vs/workbench/api/node/extensionHostProcess', 'XDG_SESSION_TYPE': 'tty', 'MOTD_SHOWN': 'pam', 'LANG': 'en_US.UTF-8', 'LS_COLORS': '', 'VSCODE_AGENT_FOLDER': '/home/openyard/.vscode-server', 'VSCODE_L10N_BUNDLE_LOCATION': '', 'SSH_CONNECTION': '93.158.191.247 62711 192.168.3.115 22', 'LESSCLOSE': '/usr/bin/lesspipe %s %s', 'XDG_SESSION_CLASS': 'user', 'VSCODE_HANDLES_SIGPIPE': 'true', 'PYTHONPATH': '/home/openyard/openyard/openbmc_rev2/openbmc/poky/bitbake/lib:', 'LESSOPEN': '| /usr/bin/lesspipe %s', 'SHLVL': '1', 'VSCODE_CWD': '/home/openyard', 'XDG_SESSION_ID': '131', 'XDG_RUNTIME_DIR': '/run/user/1000', 'SSH_CLIENT': '93.158.191.247 62711 22', 'XDG_DATA_DIRS': '/usr/local/share:/usr/share:/var/lib/snapd/desktop', 'BROWSER': '/home/openyard/.vscode-server/bin/ee2b180d582a7f601fa6ecfdad8d9fd269ab1884/bin/helpers/browser.sh', 'DBUS_SESSION_BUS_ADDRESS': 'unix:path=/run/user/1000/bus', 'BUILDDIR': '/home/openyard/openyard/openbmc_rev2/openbmc/vscode-bitbake-build', 'VSCODE_NLS_CONFIG': '{"locale":"en","availableLanguages":{}}', 'VSCODE_HANDLES_UNCAUGHT_ERRORS': 'true', 'OLDPWD': '/home/openyard/openyard/openbmc_rev2/openbmc', 'VSCODE_IPC_HOOK_CLI': '/run/user/1000/vscode-ipc-5f07e13d-3fc3-48a7-babf-ae621853026b.sock', '_': '/home/openyard/openyard/openbmc_rev2/openbmc/poky/bitbake/bin/bitbake-layers'}, ['/home/openyard/openyard/openbmc_rev2/openbmc/poky/bitbake/bin/bitbake-layers', 'show-layers']]
182756 07:01:25.529674 Command Completed (socket: True)
182756 07:01:25.529913 Running command ['clientComplete']
182756 07:01:25.541879 Command Completed (socket: True)
182756 07:01:25.792438 Processing Client
182756 07:01:25.792684 Disconnecting Client (socket: True)
182756 07:01:25.792997 No timeout, exiting.
182756 07:01:25.893402 Exiting (socket: True)
182756 07:01:25.914737 Exiting as we could obtain the lock
sys:1: ResourceWarning: unclosed file <_io.TextIOWrapper name='/home/openyard/openyard/openbmc_rev2/openbmc/vscode-bitbake-build/bitbake-cookerdaemon.log' mode='a+' encoding='UTF-8'>
182811 07:01:27.823689 --- Starting bitbake server pid 182811 at 2023-05-02 07:01:27.823648 ---
182811 07:01:27.825326 Started bitbake server pid 182811
182811 07:01:27.825646 Entering server connection loop
182811 07:01:27.825736 Lockfile is: /home/openyard/openyard/openbmc_rev2/openbmc/vscode-bitbake-build/bitbake.lock
Socket is /home/openyard/openyard/openbmc_rev2/openbmc/vscode-bitbake-build/bitbake.sock (True)
182811 07:01:27.826420 Accepting [<socket.socket fd=6, family=AddressFamily.AF_UNIX, type=SocketKind.SOCK_STREAM, proto=0, laddr=bitbake.sock>] ([])
182811 07:01:27.827380 Processing Client
182811 07:01:27.827470 Connecting Client
182811 07:01:27.828037 Running command ['setFeatures', [2, 1]]
182811 07:01:27.828276 Command Completed (socket: True)
182811 07:01:27.829255 Running command ['updateConfig', {'halt': True, 'force': False, 'invalidate_stamp': None, 'dry_run': False, 'dump_signatures': [], 'extra_assume_provided': [], 'profile': False, 'prefile': [], 'postfile': [], 'server_timeout': None, 'nosetscene': False, 'setsceneonly': False, 'skipsetscene': False, 'runall': [], 'runonly': None, 'writeeventlog': None, 'build_verbose_shell': False, 'build_verbose_stdout': False, 'default_loglevel': 20, 'debug_domains': {}}, {'SHELL': '/bin/bash', 'BB_ENV_PASSTHROUGH_ADDITIONS': 'ALL_PROXY BBPATH_EXTRA BB_LOGCONFIG BB_NO_NETWORK BB_NUMBER_THREADS BB_SETSCENE_ENFORCE BB_SRCREV_POLICY DISTRO FTPS_PROXY FTP_PROXY GIT_PROXY_COMMAND HTTPS_PROXY HTTP_PROXY MACHINE NO_PROXY PARALLEL_MAKE SCREENDIR SDKMACHINE SOCKS5_PASSWD SOCKS5_USER SSH_AGENT_PID SSH_AUTH_SOCK STAMPS_DIR TCLIBC TCMODE all_proxy ftp_proxy ftps_proxy http_proxy https_proxy no_proxy ', 'PWD': '/home/openyard/openyard/openbmc_rev2/openbmc/vscode-bitbake-build', 'LOGNAME': 'openyard', 'HOME': '/home/openyard', 'BBPATH': '/home/openyard/openyard/openbmc_rev2/openbmc/vscode-bitbake-build', 'USER': 'openyard', 'PATH': '/home/openyard/openyard/openbmc_rev2/openbmc/scripts:/home/openyard/openyard/openbmc_rev2/openbmc/poky/bitbake/bin:/home/openyard/openyard/openbmc_rev2/openbmc/node_modules/.bin:/home/openyard/openyard/openbmc_rev2/node_modules/.bin:/home/openyard/openyard/node_modules/.bin:/home/openyard/node_modules/.bin:/home/node_modules/.bin:/node_modules/.bin:/home/openyard/.vscode-server/bin/ee2b180d582a7f601fa6ecfdad8d9fd269ab1884:/home/openyard/.vscode-server/bin/ee2b180d582a7f601fa6ecfdad8d9fd269ab1884/bin/remote-cli:/usr/local/sbin:/usr/local/bin:/usr/sbin:/usr/bin:/sbin:/bin:/usr/games:/usr/local/games:/snap/bin', 'LC_ALL': 'en_US.UTF-8', 'APPLICATION_INSIGHTS_NO_DIAGNOSTIC_CHANNEL': '1', 'VSCODE_AMD_ENTRYPOINT': 'vs/workbench/api/node/extensionHostProcess', 'XDG_SESSION_TYPE': 'tty', 'MOTD_SHOWN': 'pam', 'LANG': 'en_US.UTF-8', 'LS_COLORS': '', 'VSCODE_AGENT_FOLDER': '/home/openyard/.vscode-server', 'VSCODE_L10N_BUNDLE_LOCATION': '', 'SSH_CONNECTION': '93.158.191.247 62711 192.168.3.115 22', 'LESSCLOSE': '/usr/bin/lesspipe %s %s', 'XDG_SESSION_CLASS': 'user', 'VSCODE_HANDLES_SIGPIPE': 'true', 'PYTHONPATH': '/home/openyard/openyard/openbmc_rev2/openbmc/poky/bitbake/lib:', 'LESSOPEN': '| /usr/bin/lesspipe %s', 'SHLVL': '1', 'VSCODE_CWD': '/home/openyard', 'XDG_SESSION_ID': '131', 'XDG_RUNTIME_DIR': '/run/user/1000', 'SSH_CLIENT': '93.158.191.247 62711 22', 'XDG_DATA_DIRS': '/usr/local/share:/usr/share:/var/lib/snapd/desktop', 'BROWSER': '/home/openyard/.vscode-server/bin/ee2b180d582a7f601fa6ecfdad8d9fd269ab1884/bin/helpers/browser.sh', 'DBUS_SESSION_BUS_ADDRESS': 'unix:path=/run/user/1000/bus', 'BUILDDIR': '/home/openyard/openyard/openbmc_rev2/openbmc/vscode-bitbake-build', 'VSCODE_NLS_CONFIG': '{"locale":"en","availableLanguages":{}}', 'VSCODE_HANDLES_UNCAUGHT_ERRORS': 'true', 'OLDPWD': '/home/openyard/openyard/openbmc_rev2/openbmc', 'VSCODE_IPC_HOOK_CLI': '/run/user/1000/vscode-ipc-5f07e13d-3fc3-48a7-babf-ae621853026b.sock', '_': '/home/openyard/openyard/openbmc_rev2/openbmc/poky/bitbake/bin/bitbake'}, ['/home/openyard/openyard/openbmc_rev2/openbmc/poky/bitbake/bin/bitbake', '-p']]
182811 07:01:27.847170 Command Completed (socket: True)
182811 07:01:28.092623 Processing Client
182811 07:01:28.092789 Disconnecting Client (socket: True)
182811 07:01:28.093054 No timeout, exiting.
182811 07:01:28.193351 Exiting (socket: True)
182811 07:01:28.210184 Exiting as we could obtain the lock
sys:1: ResourceWarning: unclosed file <_io.TextIOWrapper name='/home/openyard/openyard/openbmc_rev2/openbmc/vscode-bitbake-build/bitbake-cookerdaemon.log' mode='a+' encoding='UTF-8'>
182851 07:01:29.276548 --- Starting bitbake server pid 182851 at 2023-05-02 07:01:29.276505 ---
182851 07:01:29.278367 Started bitbake server pid 182851
182851 07:01:29.278654 Entering server connection loop
182851 07:01:29.278716 Lockfile is: /home/openyard/openyard/openbmc_rev2/openbmc/vscode-bitbake-build/bitbake.lock
Socket is /home/openyard/openyard/openbmc_rev2/openbmc/vscode-bitbake-build/bitbake.sock (True)
182851 07:01:29.279468 Accepting [<socket.socket fd=6, family=AddressFamily.AF_UNIX, type=SocketKind.SOCK_STREAM, proto=0, laddr=bitbake.sock>] ([])
182851 07:01:29.280650 Processing Client
182851 07:01:29.280732 Connecting Client
182851 07:01:29.281269 Running command ['setFeatures', [2, 1]]
182851 07:01:29.281469 Command Completed (socket: True)
182851 07:01:29.282433 Running command ['updateConfig', {'halt': True, 'force': False, 'invalidate_stamp': None, 'dry_run': False, 'dump_signatures': [], 'extra_assume_provided': [], 'profile': False, 'prefile': [], 'postfile': [], 'server_timeout': None, 'nosetscene': False, 'setsceneonly': False, 'skipsetscene': False, 'runall': [], 'runonly': None, 'writeeventlog': None, 'build_verbose_shell': False, 'build_verbose_stdout': False, 'default_loglevel': 20, 'debug_domains': {}}, {'SHELL': '/bin/bash', 'BB_ENV_PASSTHROUGH_ADDITIONS': 'ALL_PROXY BBPATH_EXTRA BB_LOGCONFIG BB_NO_NETWORK BB_NUMBER_THREADS BB_SETSCENE_ENFORCE BB_SRCREV_POLICY DISTRO FTPS_PROXY FTP_PROXY GIT_PROXY_COMMAND HTTPS_PROXY HTTP_PROXY MACHINE NO_PROXY PARALLEL_MAKE SCREENDIR SDKMACHINE SOCKS5_PASSWD SOCKS5_USER SSH_AGENT_PID SSH_AUTH_SOCK STAMPS_DIR TCLIBC TCMODE all_proxy ftp_proxy ftps_proxy http_proxy https_proxy no_proxy ', 'PWD': '/home/openyard/openyard/openbmc_rev2/openbmc/vscode-bitbake-build', 'LOGNAME': 'openyard', 'HOME': '/home/openyard', 'BBPATH': '/home/openyard/openyard/openbmc_rev2/openbmc/vscode-bitbake-build', 'USER': 'openyard', 'PATH': '/home/openyard/openyard/openbmc_rev2/openbmc/scripts:/home/openyard/openyard/openbmc_rev2/openbmc/poky/bitbake/bin:/home/openyard/openyard/openbmc_rev2/openbmc/node_modules/.bin:/home/openyard/openyard/openbmc_rev2/node_modules/.bin:/home/openyard/openyard/node_modules/.bin:/home/openyard/node_modules/.bin:/home/node_modules/.bin:/node_modules/.bin:/home/openyard/.vscode-server/bin/ee2b180d582a7f601fa6ecfdad8d9fd269ab1884:/home/openyard/.vscode-server/bin/ee2b180d582a7f601fa6ecfdad8d9fd269ab1884/bin/remote-cli:/usr/local/sbin:/usr/local/bin:/usr/sbin:/usr/bin:/sbin:/bin:/usr/games:/usr/local/games:/snap/bin', 'LC_ALL': 'en_US.UTF-8', 'APPLICATION_INSIGHTS_NO_DIAGNOSTIC_CHANNEL': '1', 'VSCODE_AMD_ENTRYPOINT': 'vs/workbench/api/node/extensionHostProcess', 'XDG_SESSION_TYPE': 'tty', 'MOTD_SHOWN': 'pam', 'LANG': 'en_US.UTF-8', 'LS_COLORS': '', 'VSCODE_AGENT_FOLDER': '/home/openyard/.vscode-server', 'VSCODE_L10N_BUNDLE_LOCATION': '', 'SSH_CONNECTION': '93.158.191.247 62711 192.168.3.115 22', 'LESSCLOSE': '/usr/bin/lesspipe %s %s', 'XDG_SESSION_CLASS': 'user', 'VSCODE_HANDLES_SIGPIPE': 'true', 'PYTHONPATH': '/home/openyard/openyard/openbmc_rev2/openbmc/poky/bitbake/lib:', 'LESSOPEN': '| /usr/bin/lesspipe %s', 'SHLVL': '1', 'VSCODE_CWD': '/home/openyard', 'XDG_SESSION_ID': '131', 'XDG_RUNTIME_DIR': '/run/user/1000', 'SSH_CLIENT': '93.158.191.247 62711 22', 'XDG_DATA_DIRS': '/usr/local/share:/usr/share:/var/lib/snapd/desktop', 'BROWSER': '/home/openyard/.vscode-server/bin/ee2b180d582a7f601fa6ecfdad8d9fd269ab1884/bin/helpers/browser.sh', 'DBUS_SESSION_BUS_ADDRESS': 'unix:path=/run/user/1000/bus', 'BUILDDIR': '/home/openyard/openyard/openbmc_rev2/openbmc/vscode-bitbake-build', 'VSCODE_NLS_CONFIG': '{"locale":"en","availableLanguages":{}}', 'VSCODE_HANDLES_UNCAUGHT_ERRORS': 'true', 'OLDPWD': '/home/openyard/openyard/openbmc_rev2/openbmc', 'VSCODE_IPC_HOOK_CLI': '/run/user/1000/vscode-ipc-5f07e13d-3fc3-48a7-babf-ae621853026b.sock', '_': '/home/openyard/openyard/openbmc_rev2/openbmc/poky/bitbake/bin/bitbake-layers'}, ['/home/openyard/openyard/openbmc_rev2/openbmc/poky/bitbake/bin/bitbake-layers', 'show-layers']]
182851 07:01:29.298049 Command Completed (socket: True)
182851 07:01:29.298337 Running command ['clientComplete']
182851 07:01:29.312227 Command Completed (socket: True)
182851 07:01:29.562554 Processing Client
182851 07:01:29.562750 Disconnecting Client (socket: True)
182851 07:01:29.563110 No timeout, exiting.
182851 07:01:29.663507 Exiting (socket: True)
182851 07:01:29.685301 Exiting as we could obtain the lock
sys:1: ResourceWarning: unclosed file <_io.TextIOWrapper name='/home/openyard/openyard/openbmc_rev2/openbmc/vscode-bitbake-build/bitbake-cookerdaemon.log' mode='a+' encoding='UTF-8'>
81429 08:41:43.220922 --- Starting bitbake server pid 81429 at 2023-05-04 08:41:43.220888 ---
81429 08:41:43.222294 Started bitbake server pid 81429
81429 08:41:43.222568 Entering server connection loop
81429 08:41:43.222621 Lockfile is: /home/openyard/openyard/openbmc_rev2/openbmc/vscode-bitbake-build/bitbake.lock
Socket is /home/openyard/openyard/openbmc_rev2/openbmc/vscode-bitbake-build/bitbake.sock (True)
81429 08:41:43.223326 Accepting [<socket.socket fd=6, family=AddressFamily.AF_UNIX, type=SocketKind.SOCK_STREAM, proto=0, laddr=bitbake.sock>] ([])
81429 08:41:43.224430 Processing Client
81429 08:41:43.224513 Connecting Client
81429 08:41:43.224976 Running command ['setFeatures', [2, 1]]
81429 08:41:43.225149 Command Completed (socket: True)
81429 08:41:43.226044 Running command ['updateConfig', {'halt': True, 'force': False, 'invalidate_stamp': None, 'dry_run': False, 'dump_signatures': [], 'extra_assume_provided': [], 'profile': False, 'prefile': [], 'postfile': [], 'server_timeout': None, 'nosetscene': False, 'setsceneonly': False, 'skipsetscene': False, 'runall': [], 'runonly': None, 'writeeventlog': None, 'build_verbose_shell': False, 'build_verbose_stdout': False, 'default_loglevel': 20, 'debug_domains': {}}, {'SHELL': '/bin/bash', 'BB_ENV_PASSTHROUGH_ADDITIONS': 'ALL_PROXY BBPATH_EXTRA BB_LOGCONFIG BB_NO_NETWORK BB_NUMBER_THREADS BB_SETSCENE_ENFORCE BB_SRCREV_POLICY DISTRO FTPS_PROXY FTP_PROXY GIT_PROXY_COMMAND HTTPS_PROXY HTTP_PROXY MACHINE NO_PROXY PARALLEL_MAKE SCREENDIR SDKMACHINE SOCKS5_PASSWD SOCKS5_USER SSH_AGENT_PID SSH_AUTH_SOCK STAMPS_DIR TCLIBC TCMODE all_proxy ftp_proxy ftps_proxy http_proxy https_proxy no_proxy ', 'PWD': '/home/openyard/openyard/openbmc_rev2/openbmc/vscode-bitbake-build', 'LOGNAME': 'openyard', 'HOME': '/home/openyard', 'BBPATH': '/home/openyard/openyard/openbmc_rev2/openbmc/vscode-bitbake-build', 'USER': 'openyard', 'PATH': '/home/openyard/openyard/openbmc_rev2/openbmc/scripts:/home/openyard/openyard/openbmc_rev2/openbmc/poky/bitbake/bin:/home/openyard/openyard/openbmc_rev2/openbmc/node_modules/.bin:/home/openyard/openyard/openbmc_rev2/node_modules/.bin:/home/openyard/openyard/node_modules/.bin:/home/openyard/node_modules/.bin:/home/node_modules/.bin:/node_modules/.bin:/home/openyard/.vscode-server/bin/ee2b180d582a7f601fa6ecfdad8d9fd269ab1884:/home/openyard/.vscode-server/bin/ee2b180d582a7f601fa6ecfdad8d9fd269ab1884/bin/remote-cli:/usr/local/sbin:/usr/local/bin:/usr/sbin:/usr/bin:/sbin:/bin:/usr/games:/usr/local/games:/snap/bin', 'LC_ALL': 'en_US.UTF-8', 'APPLICATION_INSIGHTS_NO_DIAGNOSTIC_CHANNEL': '1', 'VSCODE_AMD_ENTRYPOINT': 'vs/workbench/api/node/extensionHostProcess', 'XDG_SESSION_TYPE': 'tty', 'MOTD_SHOWN': 'pam', 'LANG': 'en_US.UTF-8', 'LS_COLORS': '', 'VSCODE_AGENT_FOLDER': '/home/openyard/.vscode-server', 'VSCODE_L10N_BUNDLE_LOCATION': '', 'SSH_CONNECTION': '93.158.191.247 53315 192.168.3.115 22', 'LESSCLOSE': '/usr/bin/lesspipe %s %s', 'XDG_SESSION_CLASS': 'user', 'VSCODE_HANDLES_SIGPIPE': 'true', 'PYTHONPATH': '/home/openyard/openyard/openbmc_rev2/openbmc/poky/bitbake/lib:', 'LESSOPEN': '| /usr/bin/lesspipe %s', 'SHLVL': '1', 'VSCODE_CWD': '/home/openyard', 'XDG_SESSION_ID': '5', 'XDG_RUNTIME_DIR': '/run/user/1000', 'SSH_CLIENT': '93.158.191.247 53315 22', 'XDG_DATA_DIRS': '/usr/local/share:/usr/share:/var/lib/snapd/desktop', 'BROWSER': '/home/openyard/.vscode-server/bin/ee2b180d582a7f601fa6ecfdad8d9fd269ab1884/bin/helpers/browser.sh', 'DBUS_SESSION_BUS_ADDRESS': 'unix:path=/run/user/1000/bus', 'BUILDDIR': '/home/openyard/openyard/openbmc_rev2/openbmc/vscode-bitbake-build', 'VSCODE_NLS_CONFIG': '{"locale":"en","availableLanguages":{}}', 'VSCODE_HANDLES_UNCAUGHT_ERRORS': 'true', 'OLDPWD': '/home/openyard/openyard/openbmc_rev2/openbmc', 'VSCODE_IPC_HOOK_CLI': '/run/user/1000/vscode-ipc-240966cc-0829-4146-873c-6f497cae94b4.sock', '_': '/home/openyard/openyard/openbmc_rev2/openbmc/poky/bitbake/bin/bitbake'}, ['/home/openyard/openyard/openbmc_rev2/openbmc/poky/bitbake/bin/bitbake', '-p']]
81429 08:41:43.238420 Command Completed (socket: True)
81429 08:41:43.487945 Processing Client
81429 08:41:43.488150 Disconnecting Client (socket: True)
81429 08:41:43.488459 No timeout, exiting.
81429 08:41:43.588835 Exiting (socket: True)
81429 08:41:43.613594 Exiting as we could obtain the lock
sys:1: ResourceWarning: unclosed file <_io.TextIOWrapper name='/home/openyard/openyard/openbmc_rev2/openbmc/vscode-bitbake-build/bitbake-cookerdaemon.log' mode='a+' encoding='UTF-8'>
81467 08:41:44.398778 --- Starting bitbake server pid 81467 at 2023-05-04 08:41:44.398738 ---
81467 08:41:44.400347 Started bitbake server pid 81467
81467 08:41:44.400643 Entering server connection loop
81467 08:41:44.400701 Lockfile is: /home/openyard/openyard/openbmc_rev2/openbmc/vscode-bitbake-build/bitbake.lock
Socket is /home/openyard/openyard/openbmc_rev2/openbmc/vscode-bitbake-build/bitbake.sock (True)
81467 08:41:44.401236 Accepting [<socket.socket fd=6, family=AddressFamily.AF_UNIX, type=SocketKind.SOCK_STREAM, proto=0, laddr=bitbake.sock>] ([])
81467 08:41:44.402633 Processing Client
81467 08:41:44.402712 Connecting Client
81467 08:41:44.403230 Running command ['setFeatures', [2, 1]]
81467 08:41:44.403487 Command Completed (socket: True)
81467 08:41:44.404436 Running command ['updateConfig', {'halt': True, 'force': False, 'invalidate_stamp': None, 'dry_run': False, 'dump_signatures': [], 'extra_assume_provided': [], 'profile': False, 'prefile': [], 'postfile': [], 'server_timeout': None, 'nosetscene': False, 'setsceneonly': False, 'skipsetscene': False, 'runall': [], 'runonly': None, 'writeeventlog': None, 'build_verbose_shell': False, 'build_verbose_stdout': False, 'default_loglevel': 20, 'debug_domains': {}}, {'SHELL': '/bin/bash', 'BB_ENV_PASSTHROUGH_ADDITIONS': 'ALL_PROXY BBPATH_EXTRA BB_LOGCONFIG BB_NO_NETWORK BB_NUMBER_THREADS BB_SETSCENE_ENFORCE BB_SRCREV_POLICY DISTRO FTPS_PROXY FTP_PROXY GIT_PROXY_COMMAND HTTPS_PROXY HTTP_PROXY MACHINE NO_PROXY PARALLEL_MAKE SCREENDIR SDKMACHINE SOCKS5_PASSWD SOCKS5_USER SSH_AGENT_PID SSH_AUTH_SOCK STAMPS_DIR TCLIBC TCMODE all_proxy ftp_proxy ftps_proxy http_proxy https_proxy no_proxy ', 'PWD': '/home/openyard/openyard/openbmc_rev2/openbmc/vscode-bitbake-build', 'LOGNAME': 'openyard', 'HOME': '/home/openyard', 'BBPATH': '/home/openyard/openyard/openbmc_rev2/openbmc/vscode-bitbake-build', 'USER': 'openyard', 'PATH': '/home/openyard/openyard/openbmc_rev2/openbmc/scripts:/home/openyard/openyard/openbmc_rev2/openbmc/poky/bitbake/bin:/home/openyard/openyard/openbmc_rev2/openbmc/node_modules/.bin:/home/openyard/openyard/openbmc_rev2/node_modules/.bin:/home/openyard/openyard/node_modules/.bin:/home/openyard/node_modules/.bin:/home/node_modules/.bin:/node_modules/.bin:/home/openyard/.vscode-server/bin/ee2b180d582a7f601fa6ecfdad8d9fd269ab1884:/home/openyard/.vscode-server/bin/ee2b180d582a7f601fa6ecfdad8d9fd269ab1884/bin/remote-cli:/usr/local/sbin:/usr/local/bin:/usr/sbin:/usr/bin:/sbin:/bin:/usr/games:/usr/local/games:/snap/bin', 'LC_ALL': 'en_US.UTF-8', 'APPLICATION_INSIGHTS_NO_DIAGNOSTIC_CHANNEL': '1', 'VSCODE_AMD_ENTRYPOINT': 'vs/workbench/api/node/extensionHostProcess', 'XDG_SESSION_TYPE': 'tty', 'MOTD_SHOWN': 'pam', 'LANG': 'en_US.UTF-8', 'LS_COLORS': '', 'VSCODE_AGENT_FOLDER': '/home/openyard/.vscode-server', 'VSCODE_L10N_BUNDLE_LOCATION': '', 'SSH_CONNECTION': '93.158.191.247 53315 192.168.3.115 22', 'LESSCLOSE': '/usr/bin/lesspipe %s %s', 'XDG_SESSION_CLASS': 'user', 'VSCODE_HANDLES_SIGPIPE': 'true', 'PYTHONPATH': '/home/openyard/openyard/openbmc_rev2/openbmc/poky/bitbake/lib:', 'LESSOPEN': '| /usr/bin/lesspipe %s', 'SHLVL': '1', 'VSCODE_CWD': '/home/openyard', 'XDG_SESSION_ID': '5', 'XDG_RUNTIME_DIR': '/run/user/1000', 'SSH_CLIENT': '93.158.191.247 53315 22', 'XDG_DATA_DIRS': '/usr/local/share:/usr/share:/var/lib/snapd/desktop', 'BROWSER': '/home/openyard/.vscode-server/bin/ee2b180d582a7f601fa6ecfdad8d9fd269ab1884/bin/helpers/browser.sh', 'DBUS_SESSION_BUS_ADDRESS': 'unix:path=/run/user/1000/bus', 'BUILDDIR': '/home/openyard/openyard/openbmc_rev2/openbmc/vscode-bitbake-build', 'VSCODE_NLS_CONFIG': '{"locale":"en","availableLanguages":{}}', 'VSCODE_HANDLES_UNCAUGHT_ERRORS': 'true', 'OLDPWD': '/home/openyard/openyard/openbmc_rev2/openbmc', 'VSCODE_IPC_HOOK_CLI': '/run/user/1000/vscode-ipc-240966cc-0829-4146-873c-6f497cae94b4.sock', '_': '/home/openyard/openyard/openbmc_rev2/openbmc/poky/bitbake/bin/bitbake-layers'}, ['/home/openyard/openyard/openbmc_rev2/openbmc/poky/bitbake/bin/bitbake-layers', 'show-layers']]
81467 08:41:44.417467 Command Completed (socket: True)
81467 08:41:44.417766 Running command ['clientComplete']
81467 08:41:44.428406 Command Completed (socket: True)
81467 08:41:44.678947 Processing Client
81467 08:41:44.679108 Disconnecting Client (socket: True)
81467 08:41:44.679377 No timeout, exiting.
81467 08:41:44.779732 Exiting (socket: True)
81467 08:41:44.797277 Exiting as we could obtain the lock
sys:1: ResourceWarning: unclosed file <_io.TextIOWrapper name='/home/openyard/openyard/openbmc_rev2/openbmc/vscode-bitbake-build/bitbake-cookerdaemon.log' mode='a+' encoding='UTF-8'>
81510 08:41:46.583903 --- Starting bitbake server pid 81510 at 2023-05-04 08:41:46.583857 ---
81510 08:41:46.585492 Started bitbake server pid 81510
81510 08:41:46.585874 Entering server connection loop
81510 08:41:46.585956 Lockfile is: /home/openyard/openyard/openbmc_rev2/openbmc/vscode-bitbake-build/bitbake.lock
Socket is /home/openyard/openyard/openbmc_rev2/openbmc/vscode-bitbake-build/bitbake.sock (True)
81510 08:41:46.586730 Accepting [<socket.socket fd=6, family=AddressFamily.AF_UNIX, type=SocketKind.SOCK_STREAM, proto=0, laddr=bitbake.sock>] ([])
81510 08:41:46.587642 Processing Client
81510 08:41:46.587732 Connecting Client
81510 08:41:46.588300 Running command ['setFeatures', [2, 1]]
81510 08:41:46.588512 Command Completed (socket: True)
81510 08:41:46.589435 Running command ['updateConfig', {'halt': True, 'force': False, 'invalidate_stamp': None, 'dry_run': False, 'dump_signatures': [], 'extra_assume_provided': [], 'profile': False, 'prefile': [], 'postfile': [], 'server_timeout': None, 'nosetscene': False, 'setsceneonly': False, 'skipsetscene': False, 'runall': [], 'runonly': None, 'writeeventlog': None, 'build_verbose_shell': False, 'build_verbose_stdout': False, 'default_loglevel': 20, 'debug_domains': {}}, {'SHELL': '/bin/bash', 'BB_ENV_PASSTHROUGH_ADDITIONS': 'ALL_PROXY BBPATH_EXTRA BB_LOGCONFIG BB_NO_NETWORK BB_NUMBER_THREADS BB_SETSCENE_ENFORCE BB_SRCREV_POLICY DISTRO FTPS_PROXY FTP_PROXY GIT_PROXY_COMMAND HTTPS_PROXY HTTP_PROXY MACHINE NO_PROXY PARALLEL_MAKE SCREENDIR SDKMACHINE SOCKS5_PASSWD SOCKS5_USER SSH_AGENT_PID SSH_AUTH_SOCK STAMPS_DIR TCLIBC TCMODE all_proxy ftp_proxy ftps_proxy http_proxy https_proxy no_proxy ', 'PWD': '/home/openyard/openyard/openbmc_rev2/openbmc/vscode-bitbake-build', 'LOGNAME': 'openyard', 'HOME': '/home/openyard', 'BBPATH': '/home/openyard/openyard/openbmc_rev2/openbmc/vscode-bitbake-build', 'USER': 'openyard', 'PATH': '/home/openyard/openyard/openbmc_rev2/openbmc/scripts:/home/openyard/openyard/openbmc_rev2/openbmc/poky/bitbake/bin:/home/openyard/openyard/openbmc_rev2/openbmc/node_modules/.bin:/home/openyard/openyard/openbmc_rev2/node_modules/.bin:/home/openyard/openyard/node_modules/.bin:/home/openyard/node_modules/.bin:/home/node_modules/.bin:/node_modules/.bin:/home/openyard/.vscode-server/bin/ee2b180d582a7f601fa6ecfdad8d9fd269ab1884:/home/openyard/.vscode-server/bin/ee2b180d582a7f601fa6ecfdad8d9fd269ab1884/bin/remote-cli:/usr/local/sbin:/usr/local/bin:/usr/sbin:/usr/bin:/sbin:/bin:/usr/games:/usr/local/games:/snap/bin', 'LC_ALL': 'en_US.UTF-8', 'APPLICATION_INSIGHTS_NO_DIAGNOSTIC_CHANNEL': '1', 'VSCODE_AMD_ENTRYPOINT': 'vs/workbench/api/node/extensionHostProcess', 'XDG_SESSION_TYPE': 'tty', 'MOTD_SHOWN': 'pam', 'LANG': 'en_US.UTF-8', 'LS_COLORS': '', 'VSCODE_AGENT_FOLDER': '/home/openyard/.vscode-server', 'VSCODE_L10N_BUNDLE_LOCATION': '', 'SSH_CONNECTION': '93.158.191.247 53315 192.168.3.115 22', 'LESSCLOSE': '/usr/bin/lesspipe %s %s', 'XDG_SESSION_CLASS': 'user', 'VSCODE_HANDLES_SIGPIPE': 'true', 'PYTHONPATH': '/home/openyard/openyard/openbmc_rev2/openbmc/poky/bitbake/lib:', 'LESSOPEN': '| /usr/bin/lesspipe %s', 'SHLVL': '1', 'VSCODE_CWD': '/home/openyard', 'XDG_SESSION_ID': '5', 'XDG_RUNTIME_DIR': '/run/user/1000', 'SSH_CLIENT': '93.158.191.247 53315 22', 'XDG_DATA_DIRS': '/usr/local/share:/usr/share:/var/lib/snapd/desktop', 'BROWSER': '/home/openyard/.vscode-server/bin/ee2b180d582a7f601fa6ecfdad8d9fd269ab1884/bin/helpers/browser.sh', 'DBUS_SESSION_BUS_ADDRESS': 'unix:path=/run/user/1000/bus', 'BUILDDIR': '/home/openyard/openyard/openbmc_rev2/openbmc/vscode-bitbake-build', 'VSCODE_NLS_CONFIG': '{"locale":"en","availableLanguages":{}}', 'VSCODE_HANDLES_UNCAUGHT_ERRORS': 'true', 'OLDPWD': '/home/openyard/openyard/openbmc_rev2/openbmc', 'VSCODE_IPC_HOOK_CLI': '/run/user/1000/vscode-ipc-240966cc-0829-4146-873c-6f497cae94b4.sock', '_': '/home/openyard/openyard/openbmc_rev2/openbmc/poky/bitbake/bin/bitbake'}, ['/home/openyard/openyard/openbmc_rev2/openbmc/poky/bitbake/bin/bitbake', '-p']]
81510 08:41:46.603023 Command Completed (socket: True)
81510 08:41:46.852354 Processing Client
81510 08:41:46.852541 Disconnecting Client (socket: True)
81510 08:41:46.852797 No timeout, exiting.
81510 08:41:46.953089 Exiting (socket: True)
81510 08:41:46.962071 Exiting as we could obtain the lock
sys:1: ResourceWarning: unclosed file <_io.TextIOWrapper name='/home/openyard/openyard/openbmc_rev2/openbmc/vscode-bitbake-build/bitbake-cookerdaemon.log' mode='a+' encoding='UTF-8'>
81545 08:41:47.822869 --- Starting bitbake server pid 81545 at 2023-05-04 08:41:47.822833 ---
81545 08:41:47.824535 Started bitbake server pid 81545
81545 08:41:47.824833 Entering server connection loop
81545 08:41:47.824893 Lockfile is: /home/openyard/openyard/openbmc_rev2/openbmc/vscode-bitbake-build/bitbake.lock
Socket is /home/openyard/openyard/openbmc_rev2/openbmc/vscode-bitbake-build/bitbake.sock (True)
81545 08:41:47.825649 Accepting [<socket.socket fd=6, family=AddressFamily.AF_UNIX, type=SocketKind.SOCK_STREAM, proto=0, laddr=bitbake.sock>] ([])
81545 08:41:47.826711 Processing Client
81545 08:41:47.826796 Connecting Client
81545 08:41:47.827425 Running command ['setFeatures', [2, 1]]
81545 08:41:47.827649 Command Completed (socket: True)
81545 08:41:47.828613 Running command ['updateConfig', {'halt': True, 'force': False, 'invalidate_stamp': None, 'dry_run': False, 'dump_signatures': [], 'extra_assume_provided': [], 'profile': False, 'prefile': [], 'postfile': [], 'server_timeout': None, 'nosetscene': False, 'setsceneonly': False, 'skipsetscene': False, 'runall': [], 'runonly': None, 'writeeventlog': None, 'build_verbose_shell': False, 'build_verbose_stdout': False, 'default_loglevel': 20, 'debug_domains': {}}, {'SHELL': '/bin/bash', 'BB_ENV_PASSTHROUGH_ADDITIONS': 'ALL_PROXY BBPATH_EXTRA BB_LOGCONFIG BB_NO_NETWORK BB_NUMBER_THREADS BB_SETSCENE_ENFORCE BB_SRCREV_POLICY DISTRO FTPS_PROXY FTP_PROXY GIT_PROXY_COMMAND HTTPS_PROXY HTTP_PROXY MACHINE NO_PROXY PARALLEL_MAKE SCREENDIR SDKMACHINE SOCKS5_PASSWD SOCKS5_USER SSH_AGENT_PID SSH_AUTH_SOCK STAMPS_DIR TCLIBC TCMODE all_proxy ftp_proxy ftps_proxy http_proxy https_proxy no_proxy ', 'PWD': '/home/openyard/openyard/openbmc_rev2/openbmc/vscode-bitbake-build', 'LOGNAME': 'openyard', 'HOME': '/home/openyard', 'BBPATH': '/home/openyard/openyard/openbmc_rev2/openbmc/vscode-bitbake-build', 'USER': 'openyard', 'PATH': '/home/openyard/openyard/openbmc_rev2/openbmc/scripts:/home/openyard/openyard/openbmc_rev2/openbmc/poky/bitbake/bin:/home/openyard/openyard/openbmc_rev2/openbmc/node_modules/.bin:/home/openyard/openyard/openbmc_rev2/node_modules/.bin:/home/openyard/openyard/node_modules/.bin:/home/openyard/node_modules/.bin:/home/node_modules/.bin:/node_modules/.bin:/home/openyard/.vscode-server/bin/ee2b180d582a7f601fa6ecfdad8d9fd269ab1884:/home/openyard/.vscode-server/bin/ee2b180d582a7f601fa6ecfdad8d9fd269ab1884/bin/remote-cli:/usr/local/sbin:/usr/local/bin:/usr/sbin:/usr/bin:/sbin:/bin:/usr/games:/usr/local/games:/snap/bin', 'LC_ALL': 'en_US.UTF-8', 'APPLICATION_INSIGHTS_NO_DIAGNOSTIC_CHANNEL': '1', 'VSCODE_AMD_ENTRYPOINT': 'vs/workbench/api/node/extensionHostProcess', 'XDG_SESSION_TYPE': 'tty', 'MOTD_SHOWN': 'pam', 'LANG': 'en_US.UTF-8', 'LS_COLORS': '', 'VSCODE_AGENT_FOLDER': '/home/openyard/.vscode-server', 'VSCODE_L10N_BUNDLE_LOCATION': '', 'SSH_CONNECTION': '93.158.191.247 53315 192.168.3.115 22', 'LESSCLOSE': '/usr/bin/lesspipe %s %s', 'XDG_SESSION_CLASS': 'user', 'VSCODE_HANDLES_SIGPIPE': 'true', 'PYTHONPATH': '/home/openyard/openyard/openbmc_rev2/openbmc/poky/bitbake/lib:', 'LESSOPEN': '| /usr/bin/lesspipe %s', 'SHLVL': '1', 'VSCODE_CWD': '/home/openyard', 'XDG_SESSION_ID': '5', 'XDG_RUNTIME_DIR': '/run/user/1000', 'SSH_CLIENT': '93.158.191.247 53315 22', 'XDG_DATA_DIRS': '/usr/local/share:/usr/share:/var/lib/snapd/desktop', 'BROWSER': '/home/openyard/.vscode-server/bin/ee2b180d582a7f601fa6ecfdad8d9fd269ab1884/bin/helpers/browser.sh', 'DBUS_SESSION_BUS_ADDRESS': 'unix:path=/run/user/1000/bus', 'BUILDDIR': '/home/openyard/openyard/openbmc_rev2/openbmc/vscode-bitbake-build', 'VSCODE_NLS_CONFIG': '{"locale":"en","availableLanguages":{}}', 'VSCODE_HANDLES_UNCAUGHT_ERRORS': 'true', 'OLDPWD': '/home/openyard/openyard/openbmc_rev2/openbmc', 'VSCODE_IPC_HOOK_CLI': '/run/user/1000/vscode-ipc-240966cc-0829-4146-873c-6f497cae94b4.sock', '_': '/home/openyard/openyard/openbmc_rev2/openbmc/poky/bitbake/bin/bitbake-layers'}, ['/home/openyard/openyard/openbmc_rev2/openbmc/poky/bitbake/bin/bitbake-layers', 'show-layers']]
81545 08:41:47.842654 Command Completed (socket: True)
81545 08:41:47.842830 Running command ['clientComplete']
81545 08:41:47.853282 Command Completed (socket: True)
81545 08:41:48.103781 Processing Client
81545 08:41:48.103986 Disconnecting Client (socket: True)
81545 08:41:48.104295 No timeout, exiting.
81545 08:41:48.204658 Exiting (socket: True)
81545 08:41:48.223466 Exiting as we could obtain the lock
sys:1: ResourceWarning: unclosed file <_io.TextIOWrapper name='/home/openyard/openyard/openbmc_rev2/openbmc/vscode-bitbake-build/bitbake-cookerdaemon.log' mode='a+' encoding='UTF-8'>
